Branch indexing
[8mha:AAAAhR+LCAAAAAAAAP9b85aBtbiIwSa/KF0vKzUvOzOvODlTryCnNB3I0kvPLMkoTYpPKkrMS86IL84vLUpO1XPPLPEoTXLOzyvOz0n1yy9JZYAARiYGRi8GzpLM3NTiksTcgooiBqmM0pTi/Dy9ZIhiPayaGCoKgHT0iic/LwAA4xxxC44AAAA=[0mConnecting to https://api.github.com with no credentials, anonymous access
Obtained Jenkinsfile from a79787151db2c08ca7e0c9c1a7c779d806fc4b13
[8mha:AAAAaB+LCAAAAAAAAP9b85aBtbiIwTG/KF0vKzUvOzOvODlTryCnNB3I0ivPL8pOy8kv18vKT9JLzs8rzs9J1QuHCgaV5jlDhPzyS1IZIICRiYGhoohBKqM0pTg/D64Hh8ICAFt0h+h/AAAA[0m[Pipeline] node
Running on master in /opt/jenkins/workspace/estAnyFeature_jenkinsdocker-C2GVJFJ5GLDSBAUYXBSD7UOKS7GYZVE62UIWRKDY6H2A7MM7JUFA
[8mha:AAAAaB+LCAAAAAAAAP9b85aBtbiIwTG/KF0vKzUvOzOvODlTryCnNB3I0ivPL8pOy8kv18vKT9JLzs8rzs9J1QuHCgaV5jlDhPzyS1IZIICRiYGhoohBKqM0pTg/D64Hh8ICAFt0h+h/AAAA[0m[Pipeline] {
[8mha:AAAAaB+LCAAAAAAAAP9b85aBtbiIwTG/KF0vKzUvOzOvODlTryCnNB3I0ivPL8pOy8kv18vKT9JLzs8rzs9J1QuHCgaV5jlDhPzyS1IZIICRiYGhoohBKqM0pTg/D64Hh8ICAFt0h+h/AAAA[0m[Pipeline] echo
Branch $BRANCH_NAME, jobname $JOB_NAME
[8mha:AAAAaB+LCAAAAAAAAP9b85aBtbiIwTG/KF0vKzUvOzOvODlTryCnNB3I0ivPL8pOy8kv18vKT9JLzs8rzs9J1QuHCgaV5jlDhPzyS1IZIICRiYGhoohBKqM0pTg/D64Hh8ICAFt0h+h/AAAA[0m[Pipeline] stage
[8mha:AAAAaB+LCAAAAAAAAP9b85aBtbiIwTG/KF0vKzUvOzOvODlTryCnNB3I0ivPL8pOy8kv18vKT9JLzs8rzs9J1QuHCgaV5jlDhPzyS1IZIICRiYGhoohBKqM0pTg/D64Hh8ICAFt0h+h/AAAA[0m[Pipeline] { (Preparation)
[8mha:AAAAaB+LCAAAAAAAAP9b85aBtbiIwTG/KF0vKzUvOzOvODlTryCnNB3I0ivPL8pOy8kv18vKT9JLzs8rzs9J1QuHCgaV5jlDhPzyS1IZIICRiYGhoohBKqM0pTg/D64Hh8ICAFt0h+h/AAAA[0m[Pipeline] git
Cloning the remote Git repository
Cloning repository https://github.com/projectmonitor/projectmonitor-web
 > git init /opt/jenkins/workspace/estAnyFeature_jenkinsdocker-C2GVJFJ5GLDSBAUYXBSD7UOKS7GYZVE62UIWRKDY6H2A7MM7JUFA # timeout=10
Fetching upstream changes from https://github.com/projectmonitor/projectmonitor-web
 > git --version # timeout=10
 > git fetch --tags --progress https://github.com/projectmonitor/projectmonitor-web +refs/heads/*:refs/remotes/origin/*
 > git config remote.origin.url https://github.com/projectmonitor/projectmonitor-web # timeout=10
 > git config --add remote.origin.fetch +refs/heads/*:refs/remotes/origin/* # timeout=10
 > git config remote.origin.url https://github.com/projectmonitor/projectmonitor-web # timeout=10
Fetching upstream changes from https://github.com/projectmonitor/projectmonitor-web
 > git fetch --tags --progress https://github.com/projectmonitor/projectmonitor-web +refs/heads/*:refs/remotes/origin/*
 > git rev-parse refs/remotes/origin/master^{commit} # timeout=10
 > git rev-parse refs/remotes/origin/origin/master^{commit} # timeout=10
Checking out Revision 50f32757893011e0b5bfdf5d431c434fe37ee1c6 (refs/remotes/origin/master)
 > git config core.sparsecheckout # timeout=10
 > git checkout -f 50f32757893011e0b5bfdf5d431c434fe37ee1c6
 > git branch -a -v --no-abbrev # timeout=10
 > git checkout -b master 50f32757893011e0b5bfdf5d431c434fe37ee1c6
First time build. Skipping changelog.
[8mha:AAAAaB+LCAAAAAAAAP9b85aBtbiIwTG/KF0vKzUvOzOvODlTryCnNB3I0ivPL8pOy8kv18vKT9JLzs8rzs9J1QuHCgaV5jlDhPzyS1IZIICRiYGhoohBKqM0pTg/D64Hh8ICAFt0h+h/AAAA[0m[Pipeline] tool
[8mha:AAAAaB+LCAAAAAAAAP9b85aBtbiIwTG/KF0vKzUvOzOvODlTryCnNB3I0ivPL8pOy8kv18vKT9JLzs8rzs9J1QuHCgaV5jlDhPzyS1IZIICRiYGhoohBKqM0pTg/D64Hh8ICAFt0h+h/AAAA[0m[Pipeline] }
[8mha:AAAAaB+LCAAAAAAAAP9b85aBtbiIwTG/KF0vKzUvOzOvODlTryCnNB3I0ivPL8pOy8kv18vKT9JLzs8rzs9J1QuHCgaV5jlDhPzyS1IZIICRiYGhoohBKqM0pTg/D64Hh8ICAFt0h+h/AAAA[0m[Pipeline] // stage
[8mha:AAAAaB+LCAAAAAAAAP9b85aBtbiIwTG/KF0vKzUvOzOvODlTryCnNB3I0ivPL8pOy8kv18vKT9JLzs8rzs9J1QuHCgaV5jlDhPzyS1IZIICRiYGhoohBKqM0pTg/D64Hh8ICAFt0h+h/AAAA[0m[Pipeline] stage
[8mha:AAAAaB+LCAAAAAAAAP9b85aBtbiIwTG/KF0vKzUvOzOvODlTryCnNB3I0ivPL8pOy8kv18vKT9JLzs8rzs9J1QuHCgaV5jlDhPzyS1IZIICRiYGhoohBKqM0pTg/D64Hh8ICAFt0h+h/AAAA[0m[Pipeline] { (Test)
[8mha:AAAAaB+LCAAAAAAAAP9b85aBtbiIwTG/KF0vKzUvOzOvODlTryCnNB3I0ivPL8pOy8kv18vKT9JLzs8rzs9J1QuHCgaV5jlDhPzyS1IZIICRiYGhoohBKqM0pTg/D64Hh8ICAFt0h+h/AAAA[0m[Pipeline] sh
[estAnyFeature_jenkinsdocker-C2GVJFJ5GLDSBAUYXBSD7UOKS7GYZVE62UIWRKDY6H2A7MM7JUFA] Running shell script
+ /opt/maven/bin/mvn -Dmaven.test.failure.ignore clean test
[INFO] Scanning for projects...
[INFO]                                                                         
[INFO] ------------------------------------------------------------------------
[INFO] Building projectmonitor-web 0.0.1-SNAPSHOT
[INFO] ------------------------------------------------------------------------
[INFO] 
[INFO] --- maven-clean-plugin:2.5:clean (default-clean) @ projectmonitor-web ---
[INFO] 
[INFO] --- maven-resources-plugin:2.6:resources (default-resources) @ projectmonitor-web ---
[INFO] Using 'UTF-8' encoding to copy filtered resources.
[INFO] Copying 1 resource
[INFO] Copying 3 resources
[INFO] 
[INFO] --- maven-compiler-plugin:3.1:compile (default-compile) @ projectmonitor-web ---
[INFO] Changes detected - recompiling the module!
[INFO] Compiling 14 source files to /opt/jenkins/workspace/estAnyFeature_jenkinsdocker-C2GVJFJ5GLDSBAUYXBSD7UOKS7GYZVE62UIWRKDY6H2A7MM7JUFA/target/classes
[INFO] 
[INFO] --- phantomjs-maven-plugin:0.4:install (default) @ projectmonitor-web ---
[INFO] Resolved artifact /root/.m2/repository/com/github/klieber/phantomjs/1.9.8/phantomjs-1.9.8-linux-x86_64.tar.bz2 from central (https://repo.maven.apache.org/maven2, default, releases)
[INFO] Extracting /root/.m2/repository/com/github/klieber/phantomjs/1.9.8/phantomjs-1.9.8-linux-x86_64.tar.bz2/phantomjs-1.9.8-linux-x86_64/bin/phantomjs to /opt/jenkins/workspace/estAnyFeature_jenkinsdocker-C2GVJFJ5GLDSBAUYXBSD7UOKS7GYZVE62UIWRKDY6H2A7MM7JUFA/target/phantomjs-maven-plugin/phantomjs-1.9.8-linux-x86_64/bin/phantomjs
[INFO] 
[INFO] --- maven-resources-plugin:2.6:testResources (default-testResources) @ projectmonitor-web ---
[INFO] Using 'UTF-8' encoding to copy filtered resources.
[INFO] Copying 1 resource
[INFO] 
[INFO] --- maven-compiler-plugin:3.1:testCompile (default-testCompile) @ projectmonitor-web ---
[INFO] Changes detected - recompiling the module!
[INFO] Compiling 4 source files to /opt/jenkins/workspace/estAnyFeature_jenkinsdocker-C2GVJFJ5GLDSBAUYXBSD7UOKS7GYZVE62UIWRKDY6H2A7MM7JUFA/target/test-classes
[INFO] 
[INFO] --- maven-surefire-plugin:2.18.1:test (default-test) @ projectmonitor-web ---
[INFO] Surefire report directory: /opt/jenkins/workspace/estAnyFeature_jenkinsdocker-C2GVJFJ5GLDSBAUYXBSD7UOKS7GYZVE62UIWRKDY6H2A7MM7JUFA/target/surefire-reports

-------------------------------------------------------
 T E S T S
-------------------------------------------------------
SLF4J: Class path contains multiple SLF4J bindings.
SLF4J: Found binding in [jar:file:/root/.m2/repository/org/mock-server/mockserver-netty/3.10.4/mockserver-netty-3.10.4-jar-with-dependencies.jar!/org/slf4j/impl/StaticLoggerBinder.class]
SLF4J: Found binding in [jar:file:/root/.m2/repository/ch/qos/logback/logback-classic/1.1.5/logback-classic-1.1.5.jar!/org/slf4j/impl/StaticLoggerBinder.class]
SLF4J: See http://www.slf4j.org/codes.html#multiple_bindings for an explanation.
SLF4J: Actual binding is of type [ch.qos.logback.classic.util.ContextSelectorStaticBinder]
Running com.projectmonitor.productionrelease.CheckCurrentAcceptanceStoryStatusServiceTest
Tests run: 3, Failures: 0, Errors: 0, Skipped: 0, Time elapsed: 0.289 sec - in com.projectmonitor.productionrelease.CheckCurrentAcceptanceStoryStatusServiceTest
Running com.projectmonitor.productionrelease.PCFProductionDeployerTest
2017-04-26 06:14:05,649 ERROR c.p.p.PCFProductionDeployer Production deployed failed, the plane has crashed into the mountain!
Tests run: 3, Failures: 0, Errors: 0, Skipped: 0, Time elapsed: 0.082 sec - in com.projectmonitor.productionrelease.PCFProductionDeployerTest
Running com.projectmonitor.productionrelease.PCFStoryAcceptanceDeployerTest
2017-04-26 06:14:05,735 ERROR c.p.p.PCFProductionDeployer Production deployed failed, the plane has crashed into the mountain!
Tests run: 1, Failures: 1, Errors: 0, Skipped: 0, Time elapsed: 0.003 sec <<< FAILURE! - in com.projectmonitor.productionrelease.PCFStoryAcceptanceDeployerTest
push_triggersTheJenkinsSADeployJob_withTheNextBuildThatHasPassedCI(com.projectmonitor.productionrelease.PCFStoryAcceptanceDeployerTest)  Time elapsed: 0.003 sec  <<< FAILURE!
java.lang.AssertionError: null
	at org.junit.Assert.fail(Assert.java:86)
	at org.junit.Assert.fail(Assert.java:95)
	at com.projectmonitor.productionrelease.PCFStoryAcceptanceDeployerTest.push_triggersTheJenkinsSADeployJob_withTheNextBuildThatHasPassedCI(PCFStoryAcceptanceDeployerTest.java:35)

Running com.projectmonitor.CiRunControllerTest

  .   ____          _            __ _ _
 /\\ / ___'_ __ _ _(_)_ __  __ _ \ \ \ \
( ( )\___ | '_ | '_| | '_ \/ _` | \ \ \ \
 \\/  ___)| |_)| | | | | || (_| |  ) ) ) )
  '  |____| .__|_| |_|_| |_\__, | / / / /
 =========|_|==============|___/=/_/_/_/
 :: Spring Boot ::        (v1.3.3.RELEASE)

2017-04-26 06:14:12,623 INFO o.m.m.MockServer MockServer started on port: 1080
2017-04-26 06:14:13,383 INFO o.m.m.MockServerHandler creating expectation:

	{
	  "httpRequest" : {
	    "method" : "GET",
	    "path" : "/info"
	  },
	  "times" : {
	    "unlimited" : true
	  },
	  "timeToLive" : {
	    "unlimited" : true
	  },
	  "httpResponse" : {
	    "statusCode" : 200,
	    "headers" : [ {
	      "name" : "Content-Type",
	      "values" : [ "application/json" ]
	    } ],
	    "body" : "{\"pivotalTrackerStoryID\": \"#55555\", \"storySHA\": \"88\"}"
	  }
	}


2017-04-26 06:14:13,492 INFO o.m.m.MockServerHandler creating expectation:

	{
	  "httpRequest" : {
	    "method" : "GET",
	    "path" : "/prod/info"
	  },
	  "times" : {
	    "unlimited" : true
	  },
	  "timeToLive" : {
	    "unlimited" : true
	  },
	  "httpResponse" : {
	    "statusCode" : 200,
	    "headers" : [ {
	      "name" : "Content-Type",
	      "values" : [ "application/json" ]
	    } ],
	    "body" : "{\"pivotalTrackerStoryID\": \"#42\", \"storySHA\": \"21\"}"
	  }
	}


2017-04-26 06:14:13,727 INFO o.m.m.MockServerHandler creating expectation:

	{
	  "httpRequest" : {
	    "method" : "GET",
	    "path" : "/job/TestProject%20CI/lastCompletedBuild/api/json"
	  },
	  "times" : {
	    "unlimited" : true
	  },
	  "timeToLive" : {
	    "unlimited" : true
	  },
	  "httpResponse" : {
	    "statusCode" : 200,
	    "headers" : [ {
	      "name" : "Content-Type",
	      "values" : [ "application/json" ]
	    } ],
	    "body" : "{\"result\": \"NOT_A_SUCCESS\"}"
	  }
	}


2017-04-26 06:14:13,874 INFO o.m.m.MockServerHandler creating expectation:

	{
	  "httpRequest" : {
	    "method" : "GET",
	    "path" : "/job/TestProject%20to%20SA/lastCompletedBuild/api/json"
	  },
	  "times" : {
	    "unlimited" : true
	  },
	  "timeToLive" : {
	    "unlimited" : true
	  },
	  "httpResponse" : {
	    "statusCode" : 200,
	    "headers" : [ {
	      "name" : "Content-Type",
	      "values" : [ "application/json" ]
	    } ],
	    "body" : "{\"result\": \"NOT_A_SUCCESS\"}"
	  }
	}


2017-04-26 06:14:13,982 INFO o.m.m.MockServerHandler creating expectation:

	{
	  "httpRequest" : {
	    "method" : "GET",
	    "path" : "/job/TestProject%20to%20Production/lastCompletedBuild/api/json"
	  },
	  "times" : {
	    "unlimited" : true
	  },
	  "timeToLive" : {
	    "unlimited" : true
	  },
	  "httpResponse" : {
	    "statusCode" : 200,
	    "headers" : [ {
	      "name" : "Content-Type",
	      "values" : [ "application/json" ]
	    } ],
	    "body" : "{\"result\": \"BANANAS\"}"
	  }
	}


2017-04-26 06:14:14,189 INFO o.m.m.MockServerHandler returning response:

	{
	  "statusCode" : 200,
	  "headers" : [ {
	    "name" : "Content-Type",
	    "values" : [ "application/json" ]
	  } ],
	  "body" : "{\"result\": \"NOT_A_SUCCESS\"}"
	}

 for request:

	{
	  "method" : "GET",
	  "path" : "/job/TestProject%20CI/lastCompletedBuild/api/json",
	  "headers" : [ {
	    "name" : "Accept",
	    "values" : [ "application/json, application/*+json" ]
	  }, {
	    "name" : "User-Agent",
	    "values" : [ "Java/1.8.0_102" ]
	  }, {
	    "name" : "Host",
	    "values" : [ "localhost:1080" ]
	  }, {
	    "name" : "Content-Length",
	    "values" : [ "0" ]
	  } ],
	  "keepAlive" : true,
	  "secure" : false
	}


2017-04-26 06:14:14,213 INFO o.m.m.MockServerHandler returning response:

	{
	  "statusCode" : 200,
	  "headers" : [ {
	    "name" : "Content-Type",
	    "values" : [ "application/json" ]
	  } ],
	  "body" : "{\"result\": \"NOT_A_SUCCESS\"}"
	}

 for request:

	{
	  "method" : "GET",
	  "path" : "/job/TestProject%20to%20SA/lastCompletedBuild/api/json",
	  "headers" : [ {
	    "name" : "Accept",
	    "values" : [ "application/json, application/*+json" ]
	  }, {
	    "name" : "User-Agent",
	    "values" : [ "Java/1.8.0_102" ]
	  }, {
	    "name" : "Host",
	    "values" : [ "localhost:1080" ]
	  }, {
	    "name" : "Content-Length",
	    "values" : [ "0" ]
	  } ],
	  "keepAlive" : true,
	  "secure" : false
	}


2017-04-26 06:14:14,222 INFO o.m.m.MockServerHandler returning response:

	{
	  "statusCode" : 200,
	  "headers" : [ {
	    "name" : "Content-Type",
	    "values" : [ "application/json" ]
	  } ],
	  "body" : "{\"result\": \"BANANAS\"}"
	}

 for request:

	{
	  "method" : "GET",
	  "path" : "/job/TestProject%20to%20Production/lastCompletedBuild/api/json",
	  "headers" : [ {
	    "name" : "Accept",
	    "values" : [ "application/json, application/*+json" ]
	  }, {
	    "name" : "User-Agent",
	    "values" : [ "Java/1.8.0_102" ]
	  }, {
	    "name" : "Host",
	    "values" : [ "localhost:1080" ]
	  }, {
	    "name" : "Content-Length",
	    "values" : [ "0" ]
	  } ],
	  "keepAlive" : true,
	  "secure" : false
	}


2017-04-26 06:14:14,232 INFO o.m.m.MockServerHandler returning response:

	{
	  "statusCode" : 200,
	  "headers" : [ {
	    "name" : "Content-Type",
	    "values" : [ "application/json" ]
	  } ],
	  "body" : "{\"pivotalTrackerStoryID\": \"#55555\", \"storySHA\": \"88\"}"
	}

 for request:

	{
	  "method" : "GET",
	  "path" : "/info",
	  "headers" : [ {
	    "name" : "Accept",
	    "values" : [ "application/json, application/*+json" ]
	  }, {
	    "name" : "User-Agent",
	    "values" : [ "Java/1.8.0_102" ]
	  }, {
	    "name" : "Host",
	    "values" : [ "localhost:1080" ]
	  }, {
	    "name" : "Content-Length",
	    "values" : [ "0" ]
	  } ],
	  "keepAlive" : true,
	  "secure" : false
	}


2017-04-26 06:14:14,244 INFO o.m.m.MockServerHandler returning response:

	{
	  "statusCode" : 200,
	  "headers" : [ {
	    "name" : "Content-Type",
	    "values" : [ "application/json" ]
	  } ],
	  "body" : "{\"pivotalTrackerStoryID\": \"#42\", \"storySHA\": \"21\"}"
	}

 for request:

	{
	  "method" : "GET",
	  "path" : "/prod/info",
	  "headers" : [ {
	    "name" : "Accept",
	    "values" : [ "application/json, application/*+json" ]
	  }, {
	    "name" : "User-Agent",
	    "values" : [ "Java/1.8.0_102" ]
	  }, {
	    "name" : "Host",
	    "values" : [ "localhost:1080" ]
	  }, {
	    "name" : "Content-Length",
	    "values" : [ "0" ]
	  } ],
	  "keepAlive" : true,
	  "secure" : false
	}


2017-04-26 06:14:14,554 WARN o.t.t.x.XhtmlAndHtml5NonValidatingSAXTemplateParser [THYMELEAF] The SAX Parser implementation being used ("org.apache.xerces.jaxp.SAXParserImpl") does not implement the "reset" operation. This will force Thymeleaf to re-create parser instances each time they are needed for parsing templates, which is more costly. Enabling template cache is recommended, and also using a parser library which implements "reset" such as xerces version 2.9.1 or newer.
2017-04-26 06:14:14,897 INFO o.m.m.MockServer MockServer started on port: 1080
2017-04-26 06:14:14,904 INFO o.m.m.MockServerHandler creating expectation:

	{
	  "httpRequest" : {
	    "method" : "GET",
	    "path" : "/info"
	  },
	  "times" : {
	    "unlimited" : true
	  },
	  "timeToLive" : {
	    "unlimited" : true
	  },
	  "httpResponse" : {
	    "statusCode" : 200,
	    "headers" : [ {
	      "name" : "Content-Type",
	      "values" : [ "application/json" ]
	    } ],
	    "body" : "{\"pivotalTrackerStoryID\": \"#55555\", \"storySHA\": \"88\"}"
	  }
	}


2017-04-26 06:14:14,916 INFO o.m.m.MockServerHandler creating expectation:

	{
	  "httpRequest" : {
	    "method" : "GET",
	    "path" : "/prod/info"
	  },
	  "times" : {
	    "unlimited" : true
	  },
	  "timeToLive" : {
	    "unlimited" : true
	  },
	  "httpResponse" : {
	    "statusCode" : 200,
	    "headers" : [ {
	      "name" : "Content-Type",
	      "values" : [ "application/json" ]
	    } ],
	    "body" : "{\"pivotalTrackerStoryID\": \"#42\", \"storySHA\": \"21\"}"
	  }
	}


2017-04-26 06:14:14,925 INFO o.m.m.MockServerHandler creating expectation:

	{
	  "httpRequest" : {
	    "method" : "GET",
	    "path" : "/job/TestProject%20CI/lastCompletedBuild/api/json"
	  },
	  "times" : {
	    "unlimited" : true
	  },
	  "timeToLive" : {
	    "unlimited" : true
	  },
	  "httpResponse" : {
	    "statusCode" : 200,
	    "headers" : [ {
	      "name" : "Content-Type",
	      "values" : [ "application/json" ]
	    } ],
	    "body" : "{\"result\": \"NOT_A_SUCCESS\"}"
	  }
	}


2017-04-26 06:14:14,948 INFO o.m.m.MockServerHandler creating expectation:

	{
	  "httpRequest" : {
	    "method" : "GET",
	    "path" : "/job/TestProject%20to%20SA/lastCompletedBuild/api/json"
	  },
	  "times" : {
	    "unlimited" : true
	  },
	  "timeToLive" : {
	    "unlimited" : true
	  },
	  "httpResponse" : {
	    "statusCode" : 200,
	    "headers" : [ {
	      "name" : "Content-Type",
	      "values" : [ "application/json" ]
	    } ],
	    "body" : "{\"result\": \"NOT_A_SUCCESS\"}"
	  }
	}


2017-04-26 06:14:14,961 INFO o.m.m.MockServerHandler creating expectation:

	{
	  "httpRequest" : {
	    "method" : "GET",
	    "path" : "/job/TestProject%20to%20Production/lastCompletedBuild/api/json"
	  },
	  "times" : {
	    "unlimited" : true
	  },
	  "timeToLive" : {
	    "unlimited" : true
	  },
	  "httpResponse" : {
	    "statusCode" : 200,
	    "headers" : [ {
	      "name" : "Content-Type",
	      "values" : [ "application/json" ]
	    } ],
	    "body" : "{\"result\": \"BANANAS\"}"
	  }
	}


2017-04-26 06:14:14,973 INFO o.m.m.MockServerHandler clearing expectations and request logs that match:

	{
	  "method" : "GET",
	  "path" : "/job/TestProject%20CI/lastCompletedBuild/api/json"
	}


2017-04-26 06:14:14,995 INFO o.m.m.MockServerHandler returning response:

	{
	  "statusCode" : 404
	}

 for request:

	{
	  "method" : "GET",
	  "path" : "/job/TestProject%20CI/lastCompletedBuild/api/json",
	  "headers" : [ {
	    "name" : "Accept",
	    "values" : [ "application/json, application/*+json" ]
	  }, {
	    "name" : "User-Agent",
	    "values" : [ "Java/1.8.0_102" ]
	  }, {
	    "name" : "Host",
	    "values" : [ "localhost:1080" ]
	  }, {
	    "name" : "Content-Length",
	    "values" : [ "0" ]
	  } ],
	  "keepAlive" : true,
	  "secure" : false
	}


2017-04-26 06:14:15,001 INFO o.m.m.MockServerHandler returning response:

	{
	  "statusCode" : 200,
	  "headers" : [ {
	    "name" : "Content-Type",
	    "values" : [ "application/json" ]
	  } ],
	  "body" : "{\"result\": \"NOT_A_SUCCESS\"}"
	}

 for request:

	{
	  "method" : "GET",
	  "path" : "/job/TestProject%20to%20SA/lastCompletedBuild/api/json",
	  "headers" : [ {
	    "name" : "Accept",
	    "values" : [ "application/json, application/*+json" ]
	  }, {
	    "name" : "User-Agent",
	    "values" : [ "Java/1.8.0_102" ]
	  }, {
	    "name" : "Host",
	    "values" : [ "localhost:1080" ]
	  }, {
	    "name" : "Content-Length",
	    "values" : [ "0" ]
	  } ],
	  "keepAlive" : true,
	  "secure" : false
	}


2017-04-26 06:14:15,008 INFO o.m.m.MockServerHandler returning response:

	{
	  "statusCode" : 200,
	  "headers" : [ {
	    "name" : "Content-Type",
	    "values" : [ "application/json" ]
	  } ],
	  "body" : "{\"result\": \"BANANAS\"}"
	}

 for request:

	{
	  "method" : "GET",
	  "path" : "/job/TestProject%20to%20Production/lastCompletedBuild/api/json",
	  "headers" : [ {
	    "name" : "Accept",
	    "values" : [ "application/json, application/*+json" ]
	  }, {
	    "name" : "User-Agent",
	    "values" : [ "Java/1.8.0_102" ]
	  }, {
	    "name" : "Host",
	    "values" : [ "localhost:1080" ]
	  }, {
	    "name" : "Content-Length",
	    "values" : [ "0" ]
	  } ],
	  "keepAlive" : true,
	  "secure" : false
	}


2017-04-26 06:14:15,018 INFO o.m.m.MockServerHandler returning response:

	{
	  "statusCode" : 200,
	  "headers" : [ {
	    "name" : "Content-Type",
	    "values" : [ "application/json" ]
	  } ],
	  "body" : "{\"pivotalTrackerStoryID\": \"#55555\", \"storySHA\": \"88\"}"
	}

 for request:

	{
	  "method" : "GET",
	  "path" : "/info",
	  "headers" : [ {
	    "name" : "Accept",
	    "values" : [ "application/json, application/*+json" ]
	  }, {
	    "name" : "User-Agent",
	    "values" : [ "Java/1.8.0_102" ]
	  }, {
	    "name" : "Host",
	    "values" : [ "localhost:1080" ]
	  }, {
	    "name" : "Content-Length",
	    "values" : [ "0" ]
	  } ],
	  "keepAlive" : true,
	  "secure" : false
	}


2017-04-26 06:14:15,024 INFO o.m.m.MockServerHandler returning response:

	{
	  "statusCode" : 200,
	  "headers" : [ {
	    "name" : "Content-Type",
	    "values" : [ "application/json" ]
	  } ],
	  "body" : "{\"pivotalTrackerStoryID\": \"#42\", \"storySHA\": \"21\"}"
	}

 for request:

	{
	  "method" : "GET",
	  "path" : "/prod/info",
	  "headers" : [ {
	    "name" : "Accept",
	    "values" : [ "application/json, application/*+json" ]
	  }, {
	    "name" : "User-Agent",
	    "values" : [ "Java/1.8.0_102" ]
	  }, {
	    "name" : "Host",
	    "values" : [ "localhost:1080" ]
	  }, {
	    "name" : "Content-Length",
	    "values" : [ "0" ]
	  } ],
	  "keepAlive" : true,
	  "secure" : false
	}


2017-04-26 06:14:15,064 INFO o.m.m.MockServer MockServer started on port: 1080
2017-04-26 06:14:15,082 INFO o.m.m.MockServerHandler creating expectation:

	{
	  "httpRequest" : {
	    "method" : "GET",
	    "path" : "/info"
	  },
	  "times" : {
	    "unlimited" : true
	  },
	  "timeToLive" : {
	    "unlimited" : true
	  },
	  "httpResponse" : {
	    "statusCode" : 200,
	    "headers" : [ {
	      "name" : "Content-Type",
	      "values" : [ "application/json" ]
	    } ],
	    "body" : "{\"pivotalTrackerStoryID\": \"#55555\", \"storySHA\": \"88\"}"
	  }
	}


2017-04-26 06:14:15,098 INFO o.m.m.MockServerHandler creating expectation:

	{
	  "httpRequest" : {
	    "method" : "GET",
	    "path" : "/prod/info"
	  },
	  "times" : {
	    "unlimited" : true
	  },
	  "timeToLive" : {
	    "unlimited" : true
	  },
	  "httpResponse" : {
	    "statusCode" : 200,
	    "headers" : [ {
	      "name" : "Content-Type",
	      "values" : [ "application/json" ]
	    } ],
	    "body" : "{\"pivotalTrackerStoryID\": \"#42\", \"storySHA\": \"21\"}"
	  }
	}


2017-04-26 06:14:15,109 INFO o.m.m.MockServerHandler creating expectation:

	{
	  "httpRequest" : {
	    "method" : "GET",
	    "path" : "/job/TestProject%20CI/lastCompletedBuild/api/json"
	  },
	  "times" : {
	    "unlimited" : true
	  },
	  "timeToLive" : {
	    "unlimited" : true
	  },
	  "httpResponse" : {
	    "statusCode" : 200,
	    "headers" : [ {
	      "name" : "Content-Type",
	      "values" : [ "application/json" ]
	    } ],
	    "body" : "{\"result\": \"NOT_A_SUCCESS\"}"
	  }
	}


2017-04-26 06:14:15,116 INFO o.m.m.MockServerHandler creating expectation:

	{
	  "httpRequest" : {
	    "method" : "GET",
	    "path" : "/job/TestProject%20to%20SA/lastCompletedBuild/api/json"
	  },
	  "times" : {
	    "unlimited" : true
	  },
	  "timeToLive" : {
	    "unlimited" : true
	  },
	  "httpResponse" : {
	    "statusCode" : 200,
	    "headers" : [ {
	      "name" : "Content-Type",
	      "values" : [ "application/json" ]
	    } ],
	    "body" : "{\"result\": \"NOT_A_SUCCESS\"}"
	  }
	}


2017-04-26 06:14:15,125 INFO o.m.m.MockServerHandler creating expectation:

	{
	  "httpRequest" : {
	    "method" : "GET",
	    "path" : "/job/TestProject%20to%20Production/lastCompletedBuild/api/json"
	  },
	  "times" : {
	    "unlimited" : true
	  },
	  "timeToLive" : {
	    "unlimited" : true
	  },
	  "httpResponse" : {
	    "statusCode" : 200,
	    "headers" : [ {
	      "name" : "Content-Type",
	      "values" : [ "application/json" ]
	    } ],
	    "body" : "{\"result\": \"BANANAS\"}"
	  }
	}


2017-04-26 06:14:15,140 INFO o.m.m.MockServerHandler returning response:

	{
	  "statusCode" : 200,
	  "headers" : [ {
	    "name" : "Content-Type",
	    "values" : [ "application/json" ]
	  } ],
	  "body" : "{\"result\": \"NOT_A_SUCCESS\"}"
	}

 for request:

	{
	  "method" : "GET",
	  "path" : "/job/TestProject%20CI/lastCompletedBuild/api/json",
	  "headers" : [ {
	    "name" : "Accept",
	    "values" : [ "application/json, application/*+json" ]
	  }, {
	    "name" : "User-Agent",
	    "values" : [ "Java/1.8.0_102" ]
	  }, {
	    "name" : "Host",
	    "values" : [ "localhost:1080" ]
	  }, {
	    "name" : "Content-Length",
	    "values" : [ "0" ]
	  } ],
	  "keepAlive" : true,
	  "secure" : false
	}


2017-04-26 06:14:15,144 INFO o.m.m.MockServerHandler returning response:

	{
	  "statusCode" : 200,
	  "headers" : [ {
	    "name" : "Content-Type",
	    "values" : [ "application/json" ]
	  } ],
	  "body" : "{\"result\": \"NOT_A_SUCCESS\"}"
	}

 for request:

	{
	  "method" : "GET",
	  "path" : "/job/TestProject%20to%20SA/lastCompletedBuild/api/json",
	  "headers" : [ {
	    "name" : "Accept",
	    "values" : [ "application/json, application/*+json" ]
	  }, {
	    "name" : "User-Agent",
	    "values" : [ "Java/1.8.0_102" ]
	  }, {
	    "name" : "Host",
	    "values" : [ "localhost:1080" ]
	  }, {
	    "name" : "Content-Length",
	    "values" : [ "0" ]
	  } ],
	  "keepAlive" : true,
	  "secure" : false
	}


2017-04-26 06:14:15,148 INFO o.m.m.MockServerHandler returning response:

	{
	  "statusCode" : 200,
	  "headers" : [ {
	    "name" : "Content-Type",
	    "values" : [ "application/json" ]
	  } ],
	  "body" : "{\"result\": \"BANANAS\"}"
	}

 for request:

	{
	  "method" : "GET",
	  "path" : "/job/TestProject%20to%20Production/lastCompletedBuild/api/json",
	  "headers" : [ {
	    "name" : "Accept",
	    "values" : [ "application/json, application/*+json" ]
	  }, {
	    "name" : "User-Agent",
	    "values" : [ "Java/1.8.0_102" ]
	  }, {
	    "name" : "Host",
	    "values" : [ "localhost:1080" ]
	  }, {
	    "name" : "Content-Length",
	    "values" : [ "0" ]
	  } ],
	  "keepAlive" : true,
	  "secure" : false
	}


2017-04-26 06:14:15,151 INFO o.m.m.MockServerHandler returning response:

	{
	  "statusCode" : 200,
	  "headers" : [ {
	    "name" : "Content-Type",
	    "values" : [ "application/json" ]
	  } ],
	  "body" : "{\"pivotalTrackerStoryID\": \"#55555\", \"storySHA\": \"88\"}"
	}

 for request:

	{
	  "method" : "GET",
	  "path" : "/info",
	  "headers" : [ {
	    "name" : "Accept",
	    "values" : [ "application/json, application/*+json" ]
	  }, {
	    "name" : "User-Agent",
	    "values" : [ "Java/1.8.0_102" ]
	  }, {
	    "name" : "Host",
	    "values" : [ "localhost:1080" ]
	  }, {
	    "name" : "Content-Length",
	    "values" : [ "0" ]
	  } ],
	  "keepAlive" : true,
	  "secure" : false
	}


2017-04-26 06:14:15,156 INFO o.m.m.MockServerHandler returning response:

	{
	  "statusCode" : 200,
	  "headers" : [ {
	    "name" : "Content-Type",
	    "values" : [ "application/json" ]
	  } ],
	  "body" : "{\"pivotalTrackerStoryID\": \"#42\", \"storySHA\": \"21\"}"
	}

 for request:

	{
	  "method" : "GET",
	  "path" : "/prod/info",
	  "headers" : [ {
	    "name" : "Accept",
	    "values" : [ "application/json, application/*+json" ]
	  }, {
	    "name" : "User-Agent",
	    "values" : [ "Java/1.8.0_102" ]
	  }, {
	    "name" : "Host",
	    "values" : [ "localhost:1080" ]
	  }, {
	    "name" : "Content-Length",
	    "values" : [ "0" ]
	  } ],
	  "keepAlive" : true,
	  "secure" : false
	}


2017-04-26 06:14:15,205 INFO o.m.m.MockServer MockServer started on port: 1080
2017-04-26 06:14:15,231 INFO o.m.m.MockServerHandler creating expectation:

	{
	  "httpRequest" : {
	    "method" : "GET",
	    "path" : "/info"
	  },
	  "times" : {
	    "unlimited" : true
	  },
	  "timeToLive" : {
	    "unlimited" : true
	  },
	  "httpResponse" : {
	    "statusCode" : 200,
	    "headers" : [ {
	      "name" : "Content-Type",
	      "values" : [ "application/json" ]
	    } ],
	    "body" : "{\"pivotalTrackerStoryID\": \"#55555\", \"storySHA\": \"88\"}"
	  }
	}


2017-04-26 06:14:15,241 INFO o.m.m.MockServerHandler creating expectation:

	{
	  "httpRequest" : {
	    "method" : "GET",
	    "path" : "/prod/info"
	  },
	  "times" : {
	    "unlimited" : true
	  },
	  "timeToLive" : {
	    "unlimited" : true
	  },
	  "httpResponse" : {
	    "statusCode" : 200,
	    "headers" : [ {
	      "name" : "Content-Type",
	      "values" : [ "application/json" ]
	    } ],
	    "body" : "{\"pivotalTrackerStoryID\": \"#42\", \"storySHA\": \"21\"}"
	  }
	}


2017-04-26 06:14:15,251 INFO o.m.m.MockServerHandler creating expectation:

	{
	  "httpRequest" : {
	    "method" : "GET",
	    "path" : "/job/TestProject%20CI/lastCompletedBuild/api/json"
	  },
	  "times" : {
	    "unlimited" : true
	  },
	  "timeToLive" : {
	    "unlimited" : true
	  },
	  "httpResponse" : {
	    "statusCode" : 200,
	    "headers" : [ {
	      "name" : "Content-Type",
	      "values" : [ "application/json" ]
	    } ],
	    "body" : "{\"result\": \"NOT_A_SUCCESS\"}"
	  }
	}


2017-04-26 06:14:15,261 INFO o.m.m.MockServerHandler creating expectation:

	{
	  "httpRequest" : {
	    "method" : "GET",
	    "path" : "/job/TestProject%20to%20SA/lastCompletedBuild/api/json"
	  },
	  "times" : {
	    "unlimited" : true
	  },
	  "timeToLive" : {
	    "unlimited" : true
	  },
	  "httpResponse" : {
	    "statusCode" : 200,
	    "headers" : [ {
	      "name" : "Content-Type",
	      "values" : [ "application/json" ]
	    } ],
	    "body" : "{\"result\": \"NOT_A_SUCCESS\"}"
	  }
	}


2017-04-26 06:14:15,301 INFO o.m.m.MockServerHandler creating expectation:

	{
	  "httpRequest" : {
	    "method" : "GET",
	    "path" : "/job/TestProject%20to%20Production/lastCompletedBuild/api/json"
	  },
	  "times" : {
	    "unlimited" : true
	  },
	  "timeToLive" : {
	    "unlimited" : true
	  },
	  "httpResponse" : {
	    "statusCode" : 200,
	    "headers" : [ {
	      "name" : "Content-Type",
	      "values" : [ "application/json" ]
	    } ],
	    "body" : "{\"result\": \"BANANAS\"}"
	  }
	}


2017-04-26 06:14:15,395 INFO o.m.m.MockServerHandler returning response:

	{
	  "statusCode" : 200,
	  "headers" : [ {
	    "name" : "Content-Type",
	    "values" : [ "application/json" ]
	  } ],
	  "body" : "{\"result\": \"NOT_A_SUCCESS\"}"
	}

 for request:

	{
	  "method" : "GET",
	  "path" : "/job/TestProject%20CI/lastCompletedBuild/api/json",
	  "headers" : [ {
	    "name" : "Accept",
	    "values" : [ "application/json, application/*+json" ]
	  }, {
	    "name" : "User-Agent",
	    "values" : [ "Java/1.8.0_102" ]
	  }, {
	    "name" : "Host",
	    "values" : [ "localhost:1080" ]
	  }, {
	    "name" : "Content-Length",
	    "values" : [ "0" ]
	  } ],
	  "keepAlive" : true,
	  "secure" : false
	}


2017-04-26 06:14:15,400 INFO o.m.m.MockServerHandler returning response:

	{
	  "statusCode" : 200,
	  "headers" : [ {
	    "name" : "Content-Type",
	    "values" : [ "application/json" ]
	  } ],
	  "body" : "{\"result\": \"NOT_A_SUCCESS\"}"
	}

 for request:

	{
	  "method" : "GET",
	  "path" : "/job/TestProject%20to%20SA/lastCompletedBuild/api/json",
	  "headers" : [ {
	    "name" : "Accept",
	    "values" : [ "application/json, application/*+json" ]
	  }, {
	    "name" : "User-Agent",
	    "values" : [ "Java/1.8.0_102" ]
	  }, {
	    "name" : "Host",
	    "values" : [ "localhost:1080" ]
	  }, {
	    "name" : "Content-Length",
	    "values" : [ "0" ]
	  } ],
	  "keepAlive" : true,
	  "secure" : false
	}


2017-04-26 06:14:15,404 INFO o.m.m.MockServerHandler returning response:

	{
	  "statusCode" : 200,
	  "headers" : [ {
	    "name" : "Content-Type",
	    "values" : [ "application/json" ]
	  } ],
	  "body" : "{\"result\": \"BANANAS\"}"
	}

 for request:

	{
	  "method" : "GET",
	  "path" : "/job/TestProject%20to%20Production/lastCompletedBuild/api/json",
	  "headers" : [ {
	    "name" : "Accept",
	    "values" : [ "application/json, application/*+json" ]
	  }, {
	    "name" : "User-Agent",
	    "values" : [ "Java/1.8.0_102" ]
	  }, {
	    "name" : "Host",
	    "values" : [ "localhost:1080" ]
	  }, {
	    "name" : "Content-Length",
	    "values" : [ "0" ]
	  } ],
	  "keepAlive" : true,
	  "secure" : false
	}


2017-04-26 06:14:15,408 INFO o.m.m.MockServerHandler returning response:

	{
	  "statusCode" : 200,
	  "headers" : [ {
	    "name" : "Content-Type",
	    "values" : [ "application/json" ]
	  } ],
	  "body" : "{\"pivotalTrackerStoryID\": \"#55555\", \"storySHA\": \"88\"}"
	}

 for request:

	{
	  "method" : "GET",
	  "path" : "/info",
	  "headers" : [ {
	    "name" : "Accept",
	    "values" : [ "application/json, application/*+json" ]
	  }, {
	    "name" : "User-Agent",
	    "values" : [ "Java/1.8.0_102" ]
	  }, {
	    "name" : "Host",
	    "values" : [ "localhost:1080" ]
	  }, {
	    "name" : "Content-Length",
	    "values" : [ "0" ]
	  } ],
	  "keepAlive" : true,
	  "secure" : false
	}


2017-04-26 06:14:15,412 INFO o.m.m.MockServerHandler returning response:

	{
	  "statusCode" : 200,
	  "headers" : [ {
	    "name" : "Content-Type",
	    "values" : [ "application/json" ]
	  } ],
	  "body" : "{\"pivotalTrackerStoryID\": \"#42\", \"storySHA\": \"21\"}"
	}

 for request:

	{
	  "method" : "GET",
	  "path" : "/prod/info",
	  "headers" : [ {
	    "name" : "Accept",
	    "values" : [ "application/json, application/*+json" ]
	  }, {
	    "name" : "User-Agent",
	    "values" : [ "Java/1.8.0_102" ]
	  }, {
	    "name" : "Host",
	    "values" : [ "localhost:1080" ]
	  }, {
	    "name" : "Content-Length",
	    "values" : [ "0" ]
	  } ],
	  "keepAlive" : true,
	  "secure" : false
	}


2017-04-26 06:14:15,474 INFO o.m.m.MockServer MockServer started on port: 1080
2017-04-26 06:14:15,499 INFO o.m.m.MockServerHandler creating expectation:

	{
	  "httpRequest" : {
	    "method" : "GET",
	    "path" : "/info"
	  },
	  "times" : {
	    "unlimited" : true
	  },
	  "timeToLive" : {
	    "unlimited" : true
	  },
	  "httpResponse" : {
	    "statusCode" : 200,
	    "headers" : [ {
	      "name" : "Content-Type",
	      "values" : [ "application/json" ]
	    } ],
	    "body" : "{\"pivotalTrackerStoryID\": \"#55555\", \"storySHA\": \"88\"}"
	  }
	}


2017-04-26 06:14:15,514 INFO o.m.m.MockServerHandler creating expectation:

	{
	  "httpRequest" : {
	    "method" : "GET",
	    "path" : "/prod/info"
	  },
	  "times" : {
	    "unlimited" : true
	  },
	  "timeToLive" : {
	    "unlimited" : true
	  },
	  "httpResponse" : {
	    "statusCode" : 200,
	    "headers" : [ {
	      "name" : "Content-Type",
	      "values" : [ "application/json" ]
	    } ],
	    "body" : "{\"pivotalTrackerStoryID\": \"#42\", \"storySHA\": \"21\"}"
	  }
	}


2017-04-26 06:14:15,522 INFO o.m.m.MockServerHandler creating expectation:

	{
	  "httpRequest" : {
	    "method" : "GET",
	    "path" : "/job/TestProject%20CI/lastCompletedBuild/api/json"
	  },
	  "times" : {
	    "unlimited" : true
	  },
	  "timeToLive" : {
	    "unlimited" : true
	  },
	  "httpResponse" : {
	    "statusCode" : 200,
	    "headers" : [ {
	      "name" : "Content-Type",
	      "values" : [ "application/json" ]
	    } ],
	    "body" : "{\"result\": \"NOT_A_SUCCESS\"}"
	  }
	}


2017-04-26 06:14:15,536 INFO o.m.m.MockServerHandler creating expectation:

	{
	  "httpRequest" : {
	    "method" : "GET",
	    "path" : "/job/TestProject%20to%20SA/lastCompletedBuild/api/json"
	  },
	  "times" : {
	    "unlimited" : true
	  },
	  "timeToLive" : {
	    "unlimited" : true
	  },
	  "httpResponse" : {
	    "statusCode" : 200,
	    "headers" : [ {
	      "name" : "Content-Type",
	      "values" : [ "application/json" ]
	    } ],
	    "body" : "{\"result\": \"NOT_A_SUCCESS\"}"
	  }
	}


2017-04-26 06:14:15,620 INFO o.m.m.MockServerHandler creating expectation:

	{
	  "httpRequest" : {
	    "method" : "GET",
	    "path" : "/job/TestProject%20to%20Production/lastCompletedBuild/api/json"
	  },
	  "times" : {
	    "unlimited" : true
	  },
	  "timeToLive" : {
	    "unlimited" : true
	  },
	  "httpResponse" : {
	    "statusCode" : 200,
	    "headers" : [ {
	      "name" : "Content-Type",
	      "values" : [ "application/json" ]
	    } ],
	    "body" : "{\"result\": \"BANANAS\"}"
	  }
	}


2017-04-26 06:14:15,625 INFO o.m.m.MockServerHandler clearing expectations and request logs that match:

	{
	  "method" : "GET",
	  "path" : "/prod/info"
	}


2017-04-26 06:14:15,642 INFO o.m.m.MockServerHandler returning response:

	{
	  "statusCode" : 200,
	  "headers" : [ {
	    "name" : "Content-Type",
	    "values" : [ "application/json" ]
	  } ],
	  "body" : "{\"result\": \"NOT_A_SUCCESS\"}"
	}

 for request:

	{
	  "method" : "GET",
	  "path" : "/job/TestProject%20CI/lastCompletedBuild/api/json",
	  "headers" : [ {
	    "name" : "Accept",
	    "values" : [ "application/json, application/*+json" ]
	  }, {
	    "name" : "User-Agent",
	    "values" : [ "Java/1.8.0_102" ]
	  }, {
	    "name" : "Host",
	    "values" : [ "localhost:1080" ]
	  }, {
	    "name" : "Content-Length",
	    "values" : [ "0" ]
	  } ],
	  "keepAlive" : true,
	  "secure" : false
	}


2017-04-26 06:14:15,645 INFO o.m.m.MockServerHandler returning response:

	{
	  "statusCode" : 200,
	  "headers" : [ {
	    "name" : "Content-Type",
	    "values" : [ "application/json" ]
	  } ],
	  "body" : "{\"result\": \"NOT_A_SUCCESS\"}"
	}

 for request:

	{
	  "method" : "GET",
	  "path" : "/job/TestProject%20to%20SA/lastCompletedBuild/api/json",
	  "headers" : [ {
	    "name" : "Accept",
	    "values" : [ "application/json, application/*+json" ]
	  }, {
	    "name" : "User-Agent",
	    "values" : [ "Java/1.8.0_102" ]
	  }, {
	    "name" : "Host",
	    "values" : [ "localhost:1080" ]
	  }, {
	    "name" : "Content-Length",
	    "values" : [ "0" ]
	  } ],
	  "keepAlive" : true,
	  "secure" : false
	}


2017-04-26 06:14:15,648 INFO o.m.m.MockServerHandler returning response:

	{
	  "statusCode" : 200,
	  "headers" : [ {
	    "name" : "Content-Type",
	    "values" : [ "application/json" ]
	  } ],
	  "body" : "{\"result\": \"BANANAS\"}"
	}

 for request:

	{
	  "method" : "GET",
	  "path" : "/job/TestProject%20to%20Production/lastCompletedBuild/api/json",
	  "headers" : [ {
	    "name" : "Accept",
	    "values" : [ "application/json, application/*+json" ]
	  }, {
	    "name" : "User-Agent",
	    "values" : [ "Java/1.8.0_102" ]
	  }, {
	    "name" : "Host",
	    "values" : [ "localhost:1080" ]
	  }, {
	    "name" : "Content-Length",
	    "values" : [ "0" ]
	  } ],
	  "keepAlive" : true,
	  "secure" : false
	}


2017-04-26 06:14:15,650 INFO o.m.m.MockServerHandler returning response:

	{
	  "statusCode" : 200,
	  "headers" : [ {
	    "name" : "Content-Type",
	    "values" : [ "application/json" ]
	  } ],
	  "body" : "{\"pivotalTrackerStoryID\": \"#55555\", \"storySHA\": \"88\"}"
	}

 for request:

	{
	  "method" : "GET",
	  "path" : "/info",
	  "headers" : [ {
	    "name" : "Accept",
	    "values" : [ "application/json, application/*+json" ]
	  }, {
	    "name" : "User-Agent",
	    "values" : [ "Java/1.8.0_102" ]
	  }, {
	    "name" : "Host",
	    "values" : [ "localhost:1080" ]
	  }, {
	    "name" : "Content-Length",
	    "values" : [ "0" ]
	  } ],
	  "keepAlive" : true,
	  "secure" : false
	}


2017-04-26 06:14:15,653 INFO o.m.m.MockServerHandler returning response:

	{
	  "statusCode" : 404
	}

 for request:

	{
	  "method" : "GET",
	  "path" : "/prod/info",
	  "headers" : [ {
	    "name" : "Accept",
	    "values" : [ "application/json, application/*+json" ]
	  }, {
	    "name" : "User-Agent",
	    "values" : [ "Java/1.8.0_102" ]
	  }, {
	    "name" : "Host",
	    "values" : [ "localhost:1080" ]
	  }, {
	    "name" : "Content-Length",
	    "values" : [ "0" ]
	  } ],
	  "keepAlive" : true,
	  "secure" : false
	}


2017-04-26 06:14:15,666 INFO o.m.m.MockServer MockServer started on port: 1080
2017-04-26 06:14:15,671 INFO o.m.m.MockServerHandler creating expectation:

	{
	  "httpRequest" : {
	    "method" : "GET",
	    "path" : "/info"
	  },
	  "times" : {
	    "unlimited" : true
	  },
	  "timeToLive" : {
	    "unlimited" : true
	  },
	  "httpResponse" : {
	    "statusCode" : 200,
	    "headers" : [ {
	      "name" : "Content-Type",
	      "values" : [ "application/json" ]
	    } ],
	    "body" : "{\"pivotalTrackerStoryID\": \"#55555\", \"storySHA\": \"88\"}"
	  }
	}


2017-04-26 06:14:15,679 INFO o.m.m.MockServerHandler creating expectation:

	{
	  "httpRequest" : {
	    "method" : "GET",
	    "path" : "/prod/info"
	  },
	  "times" : {
	    "unlimited" : true
	  },
	  "timeToLive" : {
	    "unlimited" : true
	  },
	  "httpResponse" : {
	    "statusCode" : 200,
	    "headers" : [ {
	      "name" : "Content-Type",
	      "values" : [ "application/json" ]
	    } ],
	    "body" : "{\"pivotalTrackerStoryID\": \"#42\", \"storySHA\": \"21\"}"
	  }
	}


2017-04-26 06:14:15,684 INFO o.m.m.MockServerHandler creating expectation:

	{
	  "httpRequest" : {
	    "method" : "GET",
	    "path" : "/job/TestProject%20CI/lastCompletedBuild/api/json"
	  },
	  "times" : {
	    "unlimited" : true
	  },
	  "timeToLive" : {
	    "unlimited" : true
	  },
	  "httpResponse" : {
	    "statusCode" : 200,
	    "headers" : [ {
	      "name" : "Content-Type",
	      "values" : [ "application/json" ]
	    } ],
	    "body" : "{\"result\": \"NOT_A_SUCCESS\"}"
	  }
	}


2017-04-26 06:14:15,691 INFO o.m.m.MockServerHandler creating expectation:

	{
	  "httpRequest" : {
	    "method" : "GET",
	    "path" : "/job/TestProject%20to%20SA/lastCompletedBuild/api/json"
	  },
	  "times" : {
	    "unlimited" : true
	  },
	  "timeToLive" : {
	    "unlimited" : true
	  },
	  "httpResponse" : {
	    "statusCode" : 200,
	    "headers" : [ {
	      "name" : "Content-Type",
	      "values" : [ "application/json" ]
	    } ],
	    "body" : "{\"result\": \"NOT_A_SUCCESS\"}"
	  }
	}


2017-04-26 06:14:15,696 INFO o.m.m.MockServerHandler creating expectation:

	{
	  "httpRequest" : {
	    "method" : "GET",
	    "path" : "/job/TestProject%20to%20Production/lastCompletedBuild/api/json"
	  },
	  "times" : {
	    "unlimited" : true
	  },
	  "timeToLive" : {
	    "unlimited" : true
	  },
	  "httpResponse" : {
	    "statusCode" : 200,
	    "headers" : [ {
	      "name" : "Content-Type",
	      "values" : [ "application/json" ]
	    } ],
	    "body" : "{\"result\": \"BANANAS\"}"
	  }
	}


2017-04-26 06:14:15,703 INFO o.m.m.MockServerHandler clearing expectations and request logs that match:

	{
	  "method" : "GET",
	  "path" : "/job/TestProject%20to%20SA/lastCompletedBuild/api/json"
	}


2017-04-26 06:14:15,710 INFO o.m.m.MockServerHandler clearing expectations and request logs that match:

	{
	  "method" : "GET",
	  "path" : "/job/TestProject%20to%20Production/lastCompletedBuild/api/json"
	}


2017-04-26 06:14:15,726 INFO o.m.m.MockServerHandler returning response:

	{
	  "statusCode" : 200,
	  "headers" : [ {
	    "name" : "Content-Type",
	    "values" : [ "application/json" ]
	  } ],
	  "body" : "{\"result\": \"NOT_A_SUCCESS\"}"
	}

 for request:

	{
	  "method" : "GET",
	  "path" : "/job/TestProject%20CI/lastCompletedBuild/api/json",
	  "headers" : [ {
	    "name" : "Accept",
	    "values" : [ "application/json, application/*+json" ]
	  }, {
	    "name" : "User-Agent",
	    "values" : [ "Java/1.8.0_102" ]
	  }, {
	    "name" : "Host",
	    "values" : [ "localhost:1080" ]
	  }, {
	    "name" : "Content-Length",
	    "values" : [ "0" ]
	  } ],
	  "keepAlive" : true,
	  "secure" : false
	}


2017-04-26 06:14:15,729 INFO o.m.m.MockServerHandler returning response:

	{
	  "statusCode" : 404
	}

 for request:

	{
	  "method" : "GET",
	  "path" : "/job/TestProject%20to%20SA/lastCompletedBuild/api/json",
	  "headers" : [ {
	    "name" : "Accept",
	    "values" : [ "application/json, application/*+json" ]
	  }, {
	    "name" : "User-Agent",
	    "values" : [ "Java/1.8.0_102" ]
	  }, {
	    "name" : "Host",
	    "values" : [ "localhost:1080" ]
	  }, {
	    "name" : "Content-Length",
	    "values" : [ "0" ]
	  } ],
	  "keepAlive" : true,
	  "secure" : false
	}


2017-04-26 06:14:15,732 INFO o.m.m.MockServerHandler returning response:

	{
	  "statusCode" : 404
	}

 for request:

	{
	  "method" : "GET",
	  "path" : "/job/TestProject%20to%20Production/lastCompletedBuild/api/json",
	  "headers" : [ {
	    "name" : "Accept",
	    "values" : [ "application/json, application/*+json" ]
	  }, {
	    "name" : "User-Agent",
	    "values" : [ "Java/1.8.0_102" ]
	  }, {
	    "name" : "Host",
	    "values" : [ "localhost:1080" ]
	  }, {
	    "name" : "Content-Length",
	    "values" : [ "0" ]
	  } ],
	  "keepAlive" : true,
	  "secure" : false
	}


2017-04-26 06:14:15,734 INFO o.m.m.MockServerHandler returning response:

	{
	  "statusCode" : 200,
	  "headers" : [ {
	    "name" : "Content-Type",
	    "values" : [ "application/json" ]
	  } ],
	  "body" : "{\"pivotalTrackerStoryID\": \"#55555\", \"storySHA\": \"88\"}"
	}

 for request:

	{
	  "method" : "GET",
	  "path" : "/info",
	  "headers" : [ {
	    "name" : "Accept",
	    "values" : [ "application/json, application/*+json" ]
	  }, {
	    "name" : "User-Agent",
	    "values" : [ "Java/1.8.0_102" ]
	  }, {
	    "name" : "Host",
	    "values" : [ "localhost:1080" ]
	  }, {
	    "name" : "Content-Length",
	    "values" : [ "0" ]
	  } ],
	  "keepAlive" : true,
	  "secure" : false
	}


2017-04-26 06:14:15,736 INFO o.m.m.MockServerHandler returning response:

	{
	  "statusCode" : 200,
	  "headers" : [ {
	    "name" : "Content-Type",
	    "values" : [ "application/json" ]
	  } ],
	  "body" : "{\"pivotalTrackerStoryID\": \"#42\", \"storySHA\": \"21\"}"
	}

 for request:

	{
	  "method" : "GET",
	  "path" : "/prod/info",
	  "headers" : [ {
	    "name" : "Accept",
	    "values" : [ "application/json, application/*+json" ]
	  }, {
	    "name" : "User-Agent",
	    "values" : [ "Java/1.8.0_102" ]
	  }, {
	    "name" : "Host",
	    "values" : [ "localhost:1080" ]
	  }, {
	    "name" : "Content-Length",
	    "values" : [ "0" ]
	  } ],
	  "keepAlive" : true,
	  "secure" : false
	}


2017-04-26 06:14:15,753 INFO o.m.m.MockServer MockServer started on port: 1080
2017-04-26 06:14:15,756 INFO o.m.m.MockServerHandler creating expectation:

	{
	  "httpRequest" : {
	    "method" : "GET",
	    "path" : "/info"
	  },
	  "times" : {
	    "unlimited" : true
	  },
	  "timeToLive" : {
	    "unlimited" : true
	  },
	  "httpResponse" : {
	    "statusCode" : 200,
	    "headers" : [ {
	      "name" : "Content-Type",
	      "values" : [ "application/json" ]
	    } ],
	    "body" : "{\"pivotalTrackerStoryID\": \"#55555\", \"storySHA\": \"88\"}"
	  }
	}


2017-04-26 06:14:15,761 INFO o.m.m.MockServerHandler creating expectation:

	{
	  "httpRequest" : {
	    "method" : "GET",
	    "path" : "/prod/info"
	  },
	  "times" : {
	    "unlimited" : true
	  },
	  "timeToLive" : {
	    "unlimited" : true
	  },
	  "httpResponse" : {
	    "statusCode" : 200,
	    "headers" : [ {
	      "name" : "Content-Type",
	      "values" : [ "application/json" ]
	    } ],
	    "body" : "{\"pivotalTrackerStoryID\": \"#42\", \"storySHA\": \"21\"}"
	  }
	}


2017-04-26 06:14:15,767 INFO o.m.m.MockServerHandler creating expectation:

	{
	  "httpRequest" : {
	    "method" : "GET",
	    "path" : "/job/TestProject%20CI/lastCompletedBuild/api/json"
	  },
	  "times" : {
	    "unlimited" : true
	  },
	  "timeToLive" : {
	    "unlimited" : true
	  },
	  "httpResponse" : {
	    "statusCode" : 200,
	    "headers" : [ {
	      "name" : "Content-Type",
	      "values" : [ "application/json" ]
	    } ],
	    "body" : "{\"result\": \"NOT_A_SUCCESS\"}"
	  }
	}


2017-04-26 06:14:15,778 INFO o.m.m.MockServerHandler creating expectation:

	{
	  "httpRequest" : {
	    "method" : "GET",
	    "path" : "/job/TestProject%20to%20SA/lastCompletedBuild/api/json"
	  },
	  "times" : {
	    "unlimited" : true
	  },
	  "timeToLive" : {
	    "unlimited" : true
	  },
	  "httpResponse" : {
	    "statusCode" : 200,
	    "headers" : [ {
	      "name" : "Content-Type",
	      "values" : [ "application/json" ]
	    } ],
	    "body" : "{\"result\": \"NOT_A_SUCCESS\"}"
	  }
	}


2017-04-26 06:14:15,783 INFO o.m.m.MockServerHandler creating expectation:

	{
	  "httpRequest" : {
	    "method" : "GET",
	    "path" : "/job/TestProject%20to%20Production/lastCompletedBuild/api/json"
	  },
	  "times" : {
	    "unlimited" : true
	  },
	  "timeToLive" : {
	    "unlimited" : true
	  },
	  "httpResponse" : {
	    "statusCode" : 200,
	    "headers" : [ {
	      "name" : "Content-Type",
	      "values" : [ "application/json" ]
	    } ],
	    "body" : "{\"result\": \"BANANAS\"}"
	  }
	}


2017-04-26 06:14:15,796 INFO o.m.m.MockServerHandler returning response:

	{
	  "statusCode" : 200,
	  "headers" : [ {
	    "name" : "Content-Type",
	    "values" : [ "application/json" ]
	  } ],
	  "body" : "{\"result\": \"NOT_A_SUCCESS\"}"
	}

 for request:

	{
	  "method" : "GET",
	  "path" : "/job/TestProject%20CI/lastCompletedBuild/api/json",
	  "headers" : [ {
	    "name" : "Accept",
	    "values" : [ "application/json, application/*+json" ]
	  }, {
	    "name" : "User-Agent",
	    "values" : [ "Java/1.8.0_102" ]
	  }, {
	    "name" : "Host",
	    "values" : [ "localhost:1080" ]
	  }, {
	    "name" : "Content-Length",
	    "values" : [ "0" ]
	  } ],
	  "keepAlive" : true,
	  "secure" : false
	}


2017-04-26 06:14:15,803 INFO o.m.m.MockServerHandler returning response:

	{
	  "statusCode" : 200,
	  "headers" : [ {
	    "name" : "Content-Type",
	    "values" : [ "application/json" ]
	  } ],
	  "body" : "{\"result\": \"NOT_A_SUCCESS\"}"
	}

 for request:

	{
	  "method" : "GET",
	  "path" : "/job/TestProject%20to%20SA/lastCompletedBuild/api/json",
	  "headers" : [ {
	    "name" : "Accept",
	    "values" : [ "application/json, application/*+json" ]
	  }, {
	    "name" : "User-Agent",
	    "values" : [ "Java/1.8.0_102" ]
	  }, {
	    "name" : "Host",
	    "values" : [ "localhost:1080" ]
	  }, {
	    "name" : "Content-Length",
	    "values" : [ "0" ]
	  } ],
	  "keepAlive" : true,
	  "secure" : false
	}


2017-04-26 06:14:15,806 INFO o.m.m.MockServerHandler returning response:

	{
	  "statusCode" : 200,
	  "headers" : [ {
	    "name" : "Content-Type",
	    "values" : [ "application/json" ]
	  } ],
	  "body" : "{\"result\": \"BANANAS\"}"
	}

 for request:

	{
	  "method" : "GET",
	  "path" : "/job/TestProject%20to%20Production/lastCompletedBuild/api/json",
	  "headers" : [ {
	    "name" : "Accept",
	    "values" : [ "application/json, application/*+json" ]
	  }, {
	    "name" : "User-Agent",
	    "values" : [ "Java/1.8.0_102" ]
	  }, {
	    "name" : "Host",
	    "values" : [ "localhost:1080" ]
	  }, {
	    "name" : "Content-Length",
	    "values" : [ "0" ]
	  } ],
	  "keepAlive" : true,
	  "secure" : false
	}


2017-04-26 06:14:15,808 INFO o.m.m.MockServerHandler returning response:

	{
	  "statusCode" : 200,
	  "headers" : [ {
	    "name" : "Content-Type",
	    "values" : [ "application/json" ]
	  } ],
	  "body" : "{\"pivotalTrackerStoryID\": \"#55555\", \"storySHA\": \"88\"}"
	}

 for request:

	{
	  "method" : "GET",
	  "path" : "/info",
	  "headers" : [ {
	    "name" : "Accept",
	    "values" : [ "application/json, application/*+json" ]
	  }, {
	    "name" : "User-Agent",
	    "values" : [ "Java/1.8.0_102" ]
	  }, {
	    "name" : "Host",
	    "values" : [ "localhost:1080" ]
	  }, {
	    "name" : "Content-Length",
	    "values" : [ "0" ]
	  } ],
	  "keepAlive" : true,
	  "secure" : false
	}


2017-04-26 06:14:15,811 INFO o.m.m.MockServerHandler returning response:

	{
	  "statusCode" : 200,
	  "headers" : [ {
	    "name" : "Content-Type",
	    "values" : [ "application/json" ]
	  } ],
	  "body" : "{\"pivotalTrackerStoryID\": \"#42\", \"storySHA\": \"21\"}"
	}

 for request:

	{
	  "method" : "GET",
	  "path" : "/prod/info",
	  "headers" : [ {
	    "name" : "Accept",
	    "values" : [ "application/json, application/*+json" ]
	  }, {
	    "name" : "User-Agent",
	    "values" : [ "Java/1.8.0_102" ]
	  }, {
	    "name" : "Host",
	    "values" : [ "localhost:1080" ]
	  }, {
	    "name" : "Content-Length",
	    "values" : [ "0" ]
	  } ],
	  "keepAlive" : true,
	  "secure" : false
	}


2017-04-26 06:14:15,830 INFO o.m.m.MockServer MockServer started on port: 1080
2017-04-26 06:14:15,835 INFO o.m.m.MockServerHandler creating expectation:

	{
	  "httpRequest" : {
	    "method" : "GET",
	    "path" : "/info"
	  },
	  "times" : {
	    "unlimited" : true
	  },
	  "timeToLive" : {
	    "unlimited" : true
	  },
	  "httpResponse" : {
	    "statusCode" : 200,
	    "headers" : [ {
	      "name" : "Content-Type",
	      "values" : [ "application/json" ]
	    } ],
	    "body" : "{\"pivotalTrackerStoryID\": \"#55555\", \"storySHA\": \"88\"}"
	  }
	}


2017-04-26 06:14:15,850 INFO o.m.m.MockServerHandler creating expectation:

	{
	  "httpRequest" : {
	    "method" : "GET",
	    "path" : "/prod/info"
	  },
	  "times" : {
	    "unlimited" : true
	  },
	  "timeToLive" : {
	    "unlimited" : true
	  },
	  "httpResponse" : {
	    "statusCode" : 200,
	    "headers" : [ {
	      "name" : "Content-Type",
	      "values" : [ "application/json" ]
	    } ],
	    "body" : "{\"pivotalTrackerStoryID\": \"#42\", \"storySHA\": \"21\"}"
	  }
	}


2017-04-26 06:14:15,858 INFO o.m.m.MockServerHandler creating expectation:

	{
	  "httpRequest" : {
	    "method" : "GET",
	    "path" : "/job/TestProject%20CI/lastCompletedBuild/api/json"
	  },
	  "times" : {
	    "unlimited" : true
	  },
	  "timeToLive" : {
	    "unlimited" : true
	  },
	  "httpResponse" : {
	    "statusCode" : 200,
	    "headers" : [ {
	      "name" : "Content-Type",
	      "values" : [ "application/json" ]
	    } ],
	    "body" : "{\"result\": \"NOT_A_SUCCESS\"}"
	  }
	}


2017-04-26 06:14:15,864 INFO o.m.m.MockServerHandler creating expectation:

	{
	  "httpRequest" : {
	    "method" : "GET",
	    "path" : "/job/TestProject%20to%20SA/lastCompletedBuild/api/json"
	  },
	  "times" : {
	    "unlimited" : true
	  },
	  "timeToLive" : {
	    "unlimited" : true
	  },
	  "httpResponse" : {
	    "statusCode" : 200,
	    "headers" : [ {
	      "name" : "Content-Type",
	      "values" : [ "application/json" ]
	    } ],
	    "body" : "{\"result\": \"NOT_A_SUCCESS\"}"
	  }
	}


2017-04-26 06:14:15,872 INFO o.m.m.MockServerHandler creating expectation:

	{
	  "httpRequest" : {
	    "method" : "GET",
	    "path" : "/job/TestProject%20to%20Production/lastCompletedBuild/api/json"
	  },
	  "times" : {
	    "unlimited" : true
	  },
	  "timeToLive" : {
	    "unlimited" : true
	  },
	  "httpResponse" : {
	    "statusCode" : 200,
	    "headers" : [ {
	      "name" : "Content-Type",
	      "values" : [ "application/json" ]
	    } ],
	    "body" : "{\"result\": \"BANANAS\"}"
	  }
	}


2017-04-26 06:14:15,880 INFO o.m.m.MockServerHandler clearing expectations and request logs that match:

	{
	  "method" : "GET",
	  "path" : "/info"
	}


2017-04-26 06:14:15,892 INFO o.m.m.MockServerHandler returning response:

	{
	  "statusCode" : 200,
	  "headers" : [ {
	    "name" : "Content-Type",
	    "values" : [ "application/json" ]
	  } ],
	  "body" : "{\"result\": \"NOT_A_SUCCESS\"}"
	}

 for request:

	{
	  "method" : "GET",
	  "path" : "/job/TestProject%20CI/lastCompletedBuild/api/json",
	  "headers" : [ {
	    "name" : "Accept",
	    "values" : [ "application/json, application/*+json" ]
	  }, {
	    "name" : "User-Agent",
	    "values" : [ "Java/1.8.0_102" ]
	  }, {
	    "name" : "Host",
	    "values" : [ "localhost:1080" ]
	  }, {
	    "name" : "Content-Length",
	    "values" : [ "0" ]
	  } ],
	  "keepAlive" : true,
	  "secure" : false
	}


2017-04-26 06:14:15,894 INFO o.m.m.MockServerHandler returning response:

	{
	  "statusCode" : 200,
	  "headers" : [ {
	    "name" : "Content-Type",
	    "values" : [ "application/json" ]
	  } ],
	  "body" : "{\"result\": \"NOT_A_SUCCESS\"}"
	}

 for request:

	{
	  "method" : "GET",
	  "path" : "/job/TestProject%20to%20SA/lastCompletedBuild/api/json",
	  "headers" : [ {
	    "name" : "Accept",
	    "values" : [ "application/json, application/*+json" ]
	  }, {
	    "name" : "User-Agent",
	    "values" : [ "Java/1.8.0_102" ]
	  }, {
	    "name" : "Host",
	    "values" : [ "localhost:1080" ]
	  }, {
	    "name" : "Content-Length",
	    "values" : [ "0" ]
	  } ],
	  "keepAlive" : true,
	  "secure" : false
	}


2017-04-26 06:14:15,897 INFO o.m.m.MockServerHandler returning response:

	{
	  "statusCode" : 200,
	  "headers" : [ {
	    "name" : "Content-Type",
	    "values" : [ "application/json" ]
	  } ],
	  "body" : "{\"result\": \"BANANAS\"}"
	}

 for request:

	{
	  "method" : "GET",
	  "path" : "/job/TestProject%20to%20Production/lastCompletedBuild/api/json",
	  "headers" : [ {
	    "name" : "Accept",
	    "values" : [ "application/json, application/*+json" ]
	  }, {
	    "name" : "User-Agent",
	    "values" : [ "Java/1.8.0_102" ]
	  }, {
	    "name" : "Host",
	    "values" : [ "localhost:1080" ]
	  }, {
	    "name" : "Content-Length",
	    "values" : [ "0" ]
	  } ],
	  "keepAlive" : true,
	  "secure" : false
	}


2017-04-26 06:14:15,900 INFO o.m.m.MockServerHandler returning response:

	{
	  "statusCode" : 404
	}

 for request:

	{
	  "method" : "GET",
	  "path" : "/info",
	  "headers" : [ {
	    "name" : "Accept",
	    "values" : [ "application/json, application/*+json" ]
	  }, {
	    "name" : "User-Agent",
	    "values" : [ "Java/1.8.0_102" ]
	  }, {
	    "name" : "Host",
	    "values" : [ "localhost:1080" ]
	  }, {
	    "name" : "Content-Length",
	    "values" : [ "0" ]
	  } ],
	  "keepAlive" : true,
	  "secure" : false
	}


2017-04-26 06:14:15,902 INFO o.m.m.MockServerHandler returning response:

	{
	  "statusCode" : 200,
	  "headers" : [ {
	    "name" : "Content-Type",
	    "values" : [ "application/json" ]
	  } ],
	  "body" : "{\"pivotalTrackerStoryID\": \"#42\", \"storySHA\": \"21\"}"
	}

 for request:

	{
	  "method" : "GET",
	  "path" : "/prod/info",
	  "headers" : [ {
	    "name" : "Accept",
	    "values" : [ "application/json, application/*+json" ]
	  }, {
	    "name" : "User-Agent",
	    "values" : [ "Java/1.8.0_102" ]
	  }, {
	    "name" : "Host",
	    "values" : [ "localhost:1080" ]
	  }, {
	    "name" : "Content-Length",
	    "values" : [ "0" ]
	  } ],
	  "keepAlive" : true,
	  "secure" : false
	}


Tests run: 8, Failures: 0, Errors: 0, Skipped: 0, Time elapsed: 10.168 sec - in com.projectmonitor.CiRunControllerTest

Results :

Failed tests: 
  PCFStoryAcceptanceDeployerTest.push_triggersTheJenkinsSADeployJob_withTheNextBuildThatHasPassedCI:35 null

Tests run: 15, Failures: 1, Errors: 0, Skipped: 0

[ERROR] There are test failures.

Please refer to /opt/jenkins/workspace/estAnyFeature_jenkinsdocker-C2GVJFJ5GLDSBAUYXBSD7UOKS7GYZVE62UIWRKDY6H2A7MM7JUFA/target/surefire-reports for the individual test results.
[INFO] ------------------------------------------------------------------------
[INFO] BUILD SUCCESS
[INFO] ------------------------------------------------------------------------
[INFO] Total time: 22.476 s
[INFO] Finished at: 2017-04-26T06:14:16+00:00
[INFO] Final Memory: 39M/282M
[INFO] ------------------------------------------------------------------------
[8mha:AAAAaB+LCAAAAAAAAP9b85aBtbiIwTG/KF0vKzUvOzOvODlTryCnNB3I0ivPL8pOy8kv18vKT9JLzs8rzs9J1QuHCgaV5jlDhPzyS1IZIICRiYGhoohBKqM0pTg/D64Hh8ICAFt0h+h/AAAA[0m[Pipeline] }
[8mha:AAAAaB+LCAAAAAAAAP9b85aBtbiIwTG/KF0vKzUvOzOvODlTryCnNB3I0ivPL8pOy8kv18vKT9JLzs8rzs9J1QuHCgaV5jlDhPzyS1IZIICRiYGhoohBKqM0pTg/D64Hh8ICAFt0h+h/AAAA[0m[Pipeline] // stage
[8mha:AAAAaB+LCAAAAAAAAP9b85aBtbiIwTG/KF0vKzUvOzOvODlTryCnNB3I0ivPL8pOy8kv18vKT9JLzs8rzs9J1QuHCgaV5jlDhPzyS1IZIICRiYGhoohBKqM0pTg/D64Hh8ICAFt0h+h/AAAA[0m[Pipeline] stage
[8mha:AAAAaB+LCAAAAAAAAP9b85aBtbiIwTG/KF0vKzUvOzOvODlTryCnNB3I0ivPL8pOy8kv18vKT9JLzs8rzs9J1QuHCgaV5jlDhPzyS1IZIICRiYGhoohBKqM0pTg/D64Hh8ICAFt0h+h/AAAA[0m[Pipeline] { (Results)
[8mha:AAAAaB+LCAAAAAAAAP9b85aBtbiIwTG/KF0vKzUvOzOvODlTryCnNB3I0ivPL8pOy8kv18vKT9JLzs8rzs9J1QuHCgaV5jlDhPzyS1IZIICRiYGhoohBKqM0pTg/D64Hh8ICAFt0h+h/AAAA[0m[Pipeline] step
Recording test results
[8mha:AAAAaB+LCAAAAAAAAP9b85aBtbiIwTG/KF0vKzUvOzOvODlTryCnNB3I0ivPL8pOy8kv18vKT9JLzs8rzs9J1QuHCgaV5jlDhPzyS1IZIICRiYGhoohBKqM0pTg/D64Hh8ICAFt0h+h/AAAA[0m[Pipeline] }
[8mha:AAAAaB+LCAAAAAAAAP9b85aBtbiIwTG/KF0vKzUvOzOvODlTryCnNB3I0ivPL8pOy8kv18vKT9JLzs8rzs9J1QuHCgaV5jlDhPzyS1IZIICRiYGhoohBKqM0pTg/D64Hh8ICAFt0h+h/AAAA[0m[Pipeline] // stage
[8mha:AAAAaB+LCAAAAAAAAP9b85aBtbiIwTG/KF0vKzUvOzOvODlTryCnNB3I0ivPL8pOy8kv18vKT9JLzs8rzs9J1QuHCgaV5jlDhPzyS1IZIICRiYGhoohBKqM0pTg/D64Hh8ICAFt0h+h/AAAA[0m[Pipeline] }
[8mha:AAAAaB+LCAAAAAAAAP9b85aBtbiIwTG/KF0vKzUvOzOvODlTryCnNB3I0ivPL8pOy8kv18vKT9JLzs8rzs9J1QuHCgaV5jlDhPzyS1IZIICRiYGhoohBKqM0pTg/D64Hh8ICAFt0h+h/AAAA[0m[Pipeline] // node
[8mha:AAAAaB+LCAAAAAAAAP9b85aBtbiIwTG/KF0vKzUvOzOvODlTryCnNB3I0ivPL8pOy8kv18vKT9JLzs8rzs9J1QuHCgaV5jlDhPzyS1IZIICRiYGhoohBKqM0pTg/D64Hh8ICAFt0h+h/AAAA[0m[Pipeline] End of Pipeline
Finished: UNSTABLE
