Started by user [8mha:AAAAlx+LCAAAAAAAAP9b85aBtbiIQTGjNKU4P08vOT+vOD8nVc83PyU1x6OyILUoJzMv2y+/JJUBAhiZGBgqihhk0NSjKDWzXb3RdlLBUSYGJk8GtpzUvPSSDB8G5tKinBIGIZ+sxLJE/ZzEvHT94JKizLx0a6BxUmjGOUNodHsLgAzWEgZu/dLi1CL9xJTczDwAj6GcLcAAAAA=[0madmin
[8mha:AAAAaB+LCAAAAAAAAP9b85aBtbiIwTG/KF0vKzUvOzOvODlTryCnNB3I0ivPL8pOy8kv18vKT9JLzs8rzs9J1QuHCgaV5jlDhPzyS1IZIICRiYGhoohBKqM0pTg/D64Hh8ICAFt0h+h/AAAA[0m[Pipeline] node
Running on master in /opt/jenkins/workspace/testMaster
[8mha:AAAAaB+LCAAAAAAAAP9b85aBtbiIwTG/KF0vKzUvOzOvODlTryCnNB3I0ivPL8pOy8kv18vKT9JLzs8rzs9J1QuHCgaV5jlDhPzyS1IZIICRiYGhoohBKqM0pTg/D64Hh8ICAFt0h+h/AAAA[0m[Pipeline] {
[8mha:AAAAaB+LCAAAAAAAAP9b85aBtbiIwTG/KF0vKzUvOzOvODlTryCnNB3I0ivPL8pOy8kv18vKT9JLzs8rzs9J1QuHCgaV5jlDhPzyS1IZIICRiYGhoohBKqM0pTg/D64Hh8ICAFt0h+h/AAAA[0m[Pipeline] stage
[8mha:AAAAaB+LCAAAAAAAAP9b85aBtbiIwTG/KF0vKzUvOzOvODlTryCnNB3I0ivPL8pOy8kv18vKT9JLzs8rzs9J1QuHCgaV5jlDhPzyS1IZIICRiYGhoohBKqM0pTg/D64Hh8ICAFt0h+h/AAAA[0m[Pipeline] { (Preparation)
[8mha:AAAAaB+LCAAAAAAAAP9b85aBtbiIwTG/KF0vKzUvOzOvODlTryCnNB3I0ivPL8pOy8kv18vKT9JLzs8rzs9J1QuHCgaV5jlDhPzyS1IZIICRiYGhoohBKqM0pTg/D64Hh8ICAFt0h+h/AAAA[0m[Pipeline] git
 > git rev-parse --is-inside-work-tree # timeout=10
Fetching changes from the remote Git repository
 > git config remote.origin.url https://github.com/projectmonitor/projectmonitor-web # timeout=10
Fetching upstream changes from https://github.com/projectmonitor/projectmonitor-web
 > git --version # timeout=10
 > git fetch --tags --progress https://github.com/projectmonitor/projectmonitor-web +refs/heads/*:refs/remotes/origin/*
 > git rev-parse refs/remotes/origin/master^{commit} # timeout=10
 > git rev-parse refs/remotes/origin/origin/master^{commit} # timeout=10
Checking out Revision 50f32757893011e0b5bfdf5d431c434fe37ee1c6 (refs/remotes/origin/master)
 > git config core.sparsecheckout # timeout=10
 > git checkout -f 50f32757893011e0b5bfdf5d431c434fe37ee1c6
 > git branch -a -v --no-abbrev # timeout=10
 > git branch -D master # timeout=10
 > git checkout -b master 50f32757893011e0b5bfdf5d431c434fe37ee1c6
 > git rev-list 50f32757893011e0b5bfdf5d431c434fe37ee1c6 # timeout=10
[8mha:AAAAaB+LCAAAAAAAAP9b85aBtbiIwTG/KF0vKzUvOzOvODlTryCnNB3I0ivPL8pOy8kv18vKT9JLzs8rzs9J1QuHCgaV5jlDhPzyS1IZIICRiYGhoohBKqM0pTg/D64Hh8ICAFt0h+h/AAAA[0m[Pipeline] tool
[8mha:AAAAaB+LCAAAAAAAAP9b85aBtbiIwTG/KF0vKzUvOzOvODlTryCnNB3I0ivPL8pOy8kv18vKT9JLzs8rzs9J1QuHCgaV5jlDhPzyS1IZIICRiYGhoohBKqM0pTg/D64Hh8ICAFt0h+h/AAAA[0m[Pipeline] }
[8mha:AAAAaB+LCAAAAAAAAP9b85aBtbiIwTG/KF0vKzUvOzOvODlTryCnNB3I0ivPL8pOy8kv18vKT9JLzs8rzs9J1QuHCgaV5jlDhPzyS1IZIICRiYGhoohBKqM0pTg/D64Hh8ICAFt0h+h/AAAA[0m[Pipeline] // stage
[8mha:AAAAaB+LCAAAAAAAAP9b85aBtbiIwTG/KF0vKzUvOzOvODlTryCnNB3I0ivPL8pOy8kv18vKT9JLzs8rzs9J1QuHCgaV5jlDhPzyS1IZIICRiYGhoohBKqM0pTg/D64Hh8ICAFt0h+h/AAAA[0m[Pipeline] stage
[8mha:AAAAaB+LCAAAAAAAAP9b85aBtbiIwTG/KF0vKzUvOzOvODlTryCnNB3I0ivPL8pOy8kv18vKT9JLzs8rzs9J1QuHCgaV5jlDhPzyS1IZIICRiYGhoohBKqM0pTg/D64Hh8ICAFt0h+h/AAAA[0m[Pipeline] { (Build)
[8mha:AAAAaB+LCAAAAAAAAP9b85aBtbiIwTG/KF0vKzUvOzOvODlTryCnNB3I0ivPL8pOy8kv18vKT9JLzs8rzs9J1QuHCgaV5jlDhPzyS1IZIICRiYGhoohBKqM0pTg/D64Hh8ICAFt0h+h/AAAA[0m[Pipeline] sh
[testMaster] Running shell script
+ /opt/maven/bin/mvn -Dmaven.test.failure.ignore clean test
[INFO] Scanning for projects...
[INFO]                                                                         
[INFO] ------------------------------------------------------------------------
[INFO] Building projectmonitor-web 0.0.1-SNAPSHOT
[INFO] ------------------------------------------------------------------------
[INFO] 
[INFO] --- maven-clean-plugin:2.5:clean (default-clean) @ projectmonitor-web ---
[INFO] Deleting /opt/jenkins/workspace/testMaster/target
[INFO] 
[INFO] --- maven-resources-plugin:2.6:resources (default-resources) @ projectmonitor-web ---
[INFO] Using 'UTF-8' encoding to copy filtered resources.
[INFO] Copying 1 resource
[INFO] Copying 3 resources
[INFO] 
[INFO] --- maven-compiler-plugin:3.1:compile (default-compile) @ projectmonitor-web ---
[INFO] Changes detected - recompiling the module!
[INFO] Compiling 14 source files to /opt/jenkins/workspace/testMaster/target/classes
[INFO] 
[INFO] --- phantomjs-maven-plugin:0.4:install (default) @ projectmonitor-web ---
[INFO] Resolved artifact /root/.m2/repository/com/github/klieber/phantomjs/1.9.8/phantomjs-1.9.8-linux-x86_64.tar.bz2 from central (https://repo.maven.apache.org/maven2, default, releases)
[INFO] Extracting /root/.m2/repository/com/github/klieber/phantomjs/1.9.8/phantomjs-1.9.8-linux-x86_64.tar.bz2/phantomjs-1.9.8-linux-x86_64/bin/phantomjs to /opt/jenkins/workspace/testMaster/target/phantomjs-maven-plugin/phantomjs-1.9.8-linux-x86_64/bin/phantomjs
[INFO] 
[INFO] --- maven-resources-plugin:2.6:testResources (default-testResources) @ projectmonitor-web ---
[INFO] Using 'UTF-8' encoding to copy filtered resources.
[INFO] Copying 1 resource
[INFO] 
[INFO] --- maven-compiler-plugin:3.1:testCompile (default-testCompile) @ projectmonitor-web ---
[INFO] Changes detected - recompiling the module!
[INFO] Compiling 4 source files to /opt/jenkins/workspace/testMaster/target/test-classes
[INFO] 
[INFO] --- maven-surefire-plugin:2.18.1:test (default-test) @ projectmonitor-web ---
[INFO] Surefire report directory: /opt/jenkins/workspace/testMaster/target/surefire-reports

-------------------------------------------------------
 T E S T S
-------------------------------------------------------
SLF4J: Class path contains multiple SLF4J bindings.
SLF4J: Found binding in [jar:file:/root/.m2/repository/org/mock-server/mockserver-netty/3.10.4/mockserver-netty-3.10.4-jar-with-dependencies.jar!/org/slf4j/impl/StaticLoggerBinder.class]
SLF4J: Found binding in [jar:file:/root/.m2/repository/ch/qos/logback/logback-classic/1.1.5/logback-classic-1.1.5.jar!/org/slf4j/impl/StaticLoggerBinder.class]
SLF4J: See http://www.slf4j.org/codes.html#multiple_bindings for an explanation.
SLF4J: Actual binding is of type [ch.qos.logback.classic.util.ContextSelectorStaticBinder]
Running com.projectmonitor.productionrelease.CheckCurrentAcceptanceStoryStatusServiceTest
Tests run: 3, Failures: 0, Errors: 0, Skipped: 0, Time elapsed: 0.236 sec - in com.projectmonitor.productionrelease.CheckCurrentAcceptanceStoryStatusServiceTest
Running com.projectmonitor.productionrelease.PCFProductionDeployerTest
2017-04-26 05:08:56,443 ERROR c.p.p.PCFProductionDeployer Production deployed failed, the plane has crashed into the mountain!
2017-04-26 05:08:56,496 ERROR c.p.p.PCFProductionDeployer Production deployed failed, the plane has crashed into the mountain!
Tests run: 3, Failures: 0, Errors: 0, Skipped: 0, Time elapsed: 0.045 sec - in com.projectmonitor.productionrelease.PCFProductionDeployerTest
Running com.projectmonitor.productionrelease.PCFStoryAcceptanceDeployerTest
Tests run: 1, Failures: 1, Errors: 0, Skipped: 0, Time elapsed: 0.002 sec <<< FAILURE! - in com.projectmonitor.productionrelease.PCFStoryAcceptanceDeployerTest
push_triggersTheJenkinsSADeployJob_withTheNextBuildThatHasPassedCI(com.projectmonitor.productionrelease.PCFStoryAcceptanceDeployerTest)  Time elapsed: 0.001 sec  <<< FAILURE!
java.lang.AssertionError: null
	at org.junit.Assert.fail(Assert.java:86)
	at org.junit.Assert.fail(Assert.java:95)
	at com.projectmonitor.productionrelease.PCFStoryAcceptanceDeployerTest.push_triggersTheJenkinsSADeployJob_withTheNextBuildThatHasPassedCI(PCFStoryAcceptanceDeployerTest.java:35)

Running com.projectmonitor.CiRunControllerTest

  .   ____          _            __ _ _
 /\\ / ___'_ __ _ _(_)_ __  __ _ \ \ \ \
( ( )\___ | '_ | '_| | '_ \/ _` | \ \ \ \
 \\/  ___)| |_)| | | | | || (_| |  ) ) ) )
  '  |____| .__|_| |_|_| |_\__, | / / / /
 =========|_|==============|___/=/_/_/_/
 :: Spring Boot ::        (v1.3.3.RELEASE)

2017-04-26 05:09:03,998 INFO o.m.m.MockServer MockServer started on port: 1080
2017-04-26 05:09:04,843 INFO o.m.m.MockServerHandler creating expectation:

	{
	  "httpRequest" : {
	    "method" : "GET",
	    "path" : "/info"
	  },
	  "times" : {
	    "unlimited" : true
	  },
	  "timeToLive" : {
	    "unlimited" : true
	  },
	  "httpResponse" : {
	    "statusCode" : 200,
	    "headers" : [ {
	      "name" : "Content-Type",
	      "values" : [ "application/json" ]
	    } ],
	    "body" : "{\"pivotalTrackerStoryID\": \"#55555\", \"storySHA\": \"88\"}"
	  }
	}


2017-04-26 05:09:04,941 INFO o.m.m.MockServerHandler creating expectation:

	{
	  "httpRequest" : {
	    "method" : "GET",
	    "path" : "/prod/info"
	  },
	  "times" : {
	    "unlimited" : true
	  },
	  "timeToLive" : {
	    "unlimited" : true
	  },
	  "httpResponse" : {
	    "statusCode" : 200,
	    "headers" : [ {
	      "name" : "Content-Type",
	      "values" : [ "application/json" ]
	    } ],
	    "body" : "{\"pivotalTrackerStoryID\": \"#42\", \"storySHA\": \"21\"}"
	  }
	}


2017-04-26 05:09:05,033 INFO o.m.m.MockServerHandler creating expectation:

	{
	  "httpRequest" : {
	    "method" : "GET",
	    "path" : "/job/TestProject%20CI/lastCompletedBuild/api/json"
	  },
	  "times" : {
	    "unlimited" : true
	  },
	  "timeToLive" : {
	    "unlimited" : true
	  },
	  "httpResponse" : {
	    "statusCode" : 200,
	    "headers" : [ {
	      "name" : "Content-Type",
	      "values" : [ "application/json" ]
	    } ],
	    "body" : "{\"result\": \"NOT_A_SUCCESS\"}"
	  }
	}


2017-04-26 05:09:05,094 INFO o.m.m.MockServerHandler creating expectation:

	{
	  "httpRequest" : {
	    "method" : "GET",
	    "path" : "/job/TestProject%20to%20SA/lastCompletedBuild/api/json"
	  },
	  "times" : {
	    "unlimited" : true
	  },
	  "timeToLive" : {
	    "unlimited" : true
	  },
	  "httpResponse" : {
	    "statusCode" : 200,
	    "headers" : [ {
	      "name" : "Content-Type",
	      "values" : [ "application/json" ]
	    } ],
	    "body" : "{\"result\": \"NOT_A_SUCCESS\"}"
	  }
	}


2017-04-26 05:09:05,140 INFO o.m.m.MockServerHandler creating expectation:

	{
	  "httpRequest" : {
	    "method" : "GET",
	    "path" : "/job/TestProject%20to%20Production/lastCompletedBuild/api/json"
	  },
	  "times" : {
	    "unlimited" : true
	  },
	  "timeToLive" : {
	    "unlimited" : true
	  },
	  "httpResponse" : {
	    "statusCode" : 200,
	    "headers" : [ {
	      "name" : "Content-Type",
	      "values" : [ "application/json" ]
	    } ],
	    "body" : "{\"result\": \"BANANAS\"}"
	  }
	}


2017-04-26 05:09:05,337 INFO o.m.m.MockServerHandler returning response:

	{
	  "statusCode" : 200,
	  "headers" : [ {
	    "name" : "Content-Type",
	    "values" : [ "application/json" ]
	  } ],
	  "body" : "{\"result\": \"NOT_A_SUCCESS\"}"
	}

 for request:

	{
	  "method" : "GET",
	  "path" : "/job/TestProject%20CI/lastCompletedBuild/api/json",
	  "headers" : [ {
	    "name" : "Accept",
	    "values" : [ "application/json, application/*+json" ]
	  }, {
	    "name" : "User-Agent",
	    "values" : [ "Java/1.8.0_102" ]
	  }, {
	    "name" : "Host",
	    "values" : [ "localhost:1080" ]
	  }, {
	    "name" : "Content-Length",
	    "values" : [ "0" ]
	  } ],
	  "keepAlive" : true,
	  "secure" : false
	}


2017-04-26 05:09:05,364 INFO o.m.m.MockServerHandler returning response:

	{
	  "statusCode" : 200,
	  "headers" : [ {
	    "name" : "Content-Type",
	    "values" : [ "application/json" ]
	  } ],
	  "body" : "{\"result\": \"NOT_A_SUCCESS\"}"
	}

 for request:

	{
	  "method" : "GET",
	  "path" : "/job/TestProject%20to%20SA/lastCompletedBuild/api/json",
	  "headers" : [ {
	    "name" : "Accept",
	    "values" : [ "application/json, application/*+json" ]
	  }, {
	    "name" : "User-Agent",
	    "values" : [ "Java/1.8.0_102" ]
	  }, {
	    "name" : "Host",
	    "values" : [ "localhost:1080" ]
	  }, {
	    "name" : "Content-Length",
	    "values" : [ "0" ]
	  } ],
	  "keepAlive" : true,
	  "secure" : false
	}


2017-04-26 05:09:05,374 INFO o.m.m.MockServerHandler returning response:

	{
	  "statusCode" : 200,
	  "headers" : [ {
	    "name" : "Content-Type",
	    "values" : [ "application/json" ]
	  } ],
	  "body" : "{\"result\": \"BANANAS\"}"
	}

 for request:

	{
	  "method" : "GET",
	  "path" : "/job/TestProject%20to%20Production/lastCompletedBuild/api/json",
	  "headers" : [ {
	    "name" : "Accept",
	    "values" : [ "application/json, application/*+json" ]
	  }, {
	    "name" : "User-Agent",
	    "values" : [ "Java/1.8.0_102" ]
	  }, {
	    "name" : "Host",
	    "values" : [ "localhost:1080" ]
	  }, {
	    "name" : "Content-Length",
	    "values" : [ "0" ]
	  } ],
	  "keepAlive" : true,
	  "secure" : false
	}


2017-04-26 05:09:05,390 INFO o.m.m.MockServerHandler returning response:

	{
	  "statusCode" : 200,
	  "headers" : [ {
	    "name" : "Content-Type",
	    "values" : [ "application/json" ]
	  } ],
	  "body" : "{\"pivotalTrackerStoryID\": \"#55555\", \"storySHA\": \"88\"}"
	}

 for request:

	{
	  "method" : "GET",
	  "path" : "/info",
	  "headers" : [ {
	    "name" : "Accept",
	    "values" : [ "application/json, application/*+json" ]
	  }, {
	    "name" : "User-Agent",
	    "values" : [ "Java/1.8.0_102" ]
	  }, {
	    "name" : "Host",
	    "values" : [ "localhost:1080" ]
	  }, {
	    "name" : "Content-Length",
	    "values" : [ "0" ]
	  } ],
	  "keepAlive" : true,
	  "secure" : false
	}


2017-04-26 05:09:05,401 INFO o.m.m.MockServerHandler returning response:

	{
	  "statusCode" : 200,
	  "headers" : [ {
	    "name" : "Content-Type",
	    "values" : [ "application/json" ]
	  } ],
	  "body" : "{\"pivotalTrackerStoryID\": \"#42\", \"storySHA\": \"21\"}"
	}

 for request:

	{
	  "method" : "GET",
	  "path" : "/prod/info",
	  "headers" : [ {
	    "name" : "Accept",
	    "values" : [ "application/json, application/*+json" ]
	  }, {
	    "name" : "User-Agent",
	    "values" : [ "Java/1.8.0_102" ]
	  }, {
	    "name" : "Host",
	    "values" : [ "localhost:1080" ]
	  }, {
	    "name" : "Content-Length",
	    "values" : [ "0" ]
	  } ],
	  "keepAlive" : true,
	  "secure" : false
	}


2017-04-26 05:09:05,576 WARN o.t.t.x.XhtmlAndHtml5NonValidatingSAXTemplateParser [THYMELEAF] The SAX Parser implementation being used ("org.apache.xerces.jaxp.SAXParserImpl") does not implement the "reset" operation. This will force Thymeleaf to re-create parser instances each time they are needed for parsing templates, which is more costly. Enabling template cache is recommended, and also using a parser library which implements "reset" such as xerces version 2.9.1 or newer.
2017-04-26 05:09:05,876 INFO o.m.m.MockServer MockServer started on port: 1080
2017-04-26 05:09:05,897 INFO o.m.m.MockServerHandler creating expectation:

	{
	  "httpRequest" : {
	    "method" : "GET",
	    "path" : "/info"
	  },
	  "times" : {
	    "unlimited" : true
	  },
	  "timeToLive" : {
	    "unlimited" : true
	  },
	  "httpResponse" : {
	    "statusCode" : 200,
	    "headers" : [ {
	      "name" : "Content-Type",
	      "values" : [ "application/json" ]
	    } ],
	    "body" : "{\"pivotalTrackerStoryID\": \"#55555\", \"storySHA\": \"88\"}"
	  }
	}


2017-04-26 05:09:05,941 INFO o.m.m.MockServerHandler creating expectation:

	{
	  "httpRequest" : {
	    "method" : "GET",
	    "path" : "/prod/info"
	  },
	  "times" : {
	    "unlimited" : true
	  },
	  "timeToLive" : {
	    "unlimited" : true
	  },
	  "httpResponse" : {
	    "statusCode" : 200,
	    "headers" : [ {
	      "name" : "Content-Type",
	      "values" : [ "application/json" ]
	    } ],
	    "body" : "{\"pivotalTrackerStoryID\": \"#42\", \"storySHA\": \"21\"}"
	  }
	}


2017-04-26 05:09:05,991 INFO o.m.m.MockServerHandler creating expectation:

	{
	  "httpRequest" : {
	    "method" : "GET",
	    "path" : "/job/TestProject%20CI/lastCompletedBuild/api/json"
	  },
	  "times" : {
	    "unlimited" : true
	  },
	  "timeToLive" : {
	    "unlimited" : true
	  },
	  "httpResponse" : {
	    "statusCode" : 200,
	    "headers" : [ {
	      "name" : "Content-Type",
	      "values" : [ "application/json" ]
	    } ],
	    "body" : "{\"result\": \"NOT_A_SUCCESS\"}"
	  }
	}


2017-04-26 05:09:06,025 INFO o.m.m.MockServerHandler creating expectation:

	{
	  "httpRequest" : {
	    "method" : "GET",
	    "path" : "/job/TestProject%20to%20SA/lastCompletedBuild/api/json"
	  },
	  "times" : {
	    "unlimited" : true
	  },
	  "timeToLive" : {
	    "unlimited" : true
	  },
	  "httpResponse" : {
	    "statusCode" : 200,
	    "headers" : [ {
	      "name" : "Content-Type",
	      "values" : [ "application/json" ]
	    } ],
	    "body" : "{\"result\": \"NOT_A_SUCCESS\"}"
	  }
	}


2017-04-26 05:09:06,053 INFO o.m.m.MockServerHandler creating expectation:

	{
	  "httpRequest" : {
	    "method" : "GET",
	    "path" : "/job/TestProject%20to%20Production/lastCompletedBuild/api/json"
	  },
	  "times" : {
	    "unlimited" : true
	  },
	  "timeToLive" : {
	    "unlimited" : true
	  },
	  "httpResponse" : {
	    "statusCode" : 200,
	    "headers" : [ {
	      "name" : "Content-Type",
	      "values" : [ "application/json" ]
	    } ],
	    "body" : "{\"result\": \"BANANAS\"}"
	  }
	}


2017-04-26 05:09:06,070 INFO o.m.m.MockServerHandler clearing expectations and request logs that match:

	{
	  "method" : "GET",
	  "path" : "/job/TestProject%20CI/lastCompletedBuild/api/json"
	}


2017-04-26 05:09:06,108 INFO o.m.m.MockServerHandler returning response:

	{
	  "statusCode" : 404
	}

 for request:

	{
	  "method" : "GET",
	  "path" : "/job/TestProject%20CI/lastCompletedBuild/api/json",
	  "headers" : [ {
	    "name" : "Accept",
	    "values" : [ "application/json, application/*+json" ]
	  }, {
	    "name" : "User-Agent",
	    "values" : [ "Java/1.8.0_102" ]
	  }, {
	    "name" : "Host",
	    "values" : [ "localhost:1080" ]
	  }, {
	    "name" : "Content-Length",
	    "values" : [ "0" ]
	  } ],
	  "keepAlive" : true,
	  "secure" : false
	}


2017-04-26 05:09:06,119 INFO o.m.m.MockServerHandler returning response:

	{
	  "statusCode" : 200,
	  "headers" : [ {
	    "name" : "Content-Type",
	    "values" : [ "application/json" ]
	  } ],
	  "body" : "{\"result\": \"NOT_A_SUCCESS\"}"
	}

 for request:

	{
	  "method" : "GET",
	  "path" : "/job/TestProject%20to%20SA/lastCompletedBuild/api/json",
	  "headers" : [ {
	    "name" : "Accept",
	    "values" : [ "application/json, application/*+json" ]
	  }, {
	    "name" : "User-Agent",
	    "values" : [ "Java/1.8.0_102" ]
	  }, {
	    "name" : "Host",
	    "values" : [ "localhost:1080" ]
	  }, {
	    "name" : "Content-Length",
	    "values" : [ "0" ]
	  } ],
	  "keepAlive" : true,
	  "secure" : false
	}


2017-04-26 05:09:06,125 INFO o.m.m.MockServerHandler returning response:

	{
	  "statusCode" : 200,
	  "headers" : [ {
	    "name" : "Content-Type",
	    "values" : [ "application/json" ]
	  } ],
	  "body" : "{\"result\": \"BANANAS\"}"
	}

 for request:

	{
	  "method" : "GET",
	  "path" : "/job/TestProject%20to%20Production/lastCompletedBuild/api/json",
	  "headers" : [ {
	    "name" : "Accept",
	    "values" : [ "application/json, application/*+json" ]
	  }, {
	    "name" : "User-Agent",
	    "values" : [ "Java/1.8.0_102" ]
	  }, {
	    "name" : "Host",
	    "values" : [ "localhost:1080" ]
	  }, {
	    "name" : "Content-Length",
	    "values" : [ "0" ]
	  } ],
	  "keepAlive" : true,
	  "secure" : false
	}


2017-04-26 05:09:06,133 INFO o.m.m.MockServerHandler returning response:

	{
	  "statusCode" : 200,
	  "headers" : [ {
	    "name" : "Content-Type",
	    "values" : [ "application/json" ]
	  } ],
	  "body" : "{\"pivotalTrackerStoryID\": \"#55555\", \"storySHA\": \"88\"}"
	}

 for request:

	{
	  "method" : "GET",
	  "path" : "/info",
	  "headers" : [ {
	    "name" : "Accept",
	    "values" : [ "application/json, application/*+json" ]
	  }, {
	    "name" : "User-Agent",
	    "values" : [ "Java/1.8.0_102" ]
	  }, {
	    "name" : "Host",
	    "values" : [ "localhost:1080" ]
	  }, {
	    "name" : "Content-Length",
	    "values" : [ "0" ]
	  } ],
	  "keepAlive" : true,
	  "secure" : false
	}


2017-04-26 05:09:06,140 INFO o.m.m.MockServerHandler returning response:

	{
	  "statusCode" : 200,
	  "headers" : [ {
	    "name" : "Content-Type",
	    "values" : [ "application/json" ]
	  } ],
	  "body" : "{\"pivotalTrackerStoryID\": \"#42\", \"storySHA\": \"21\"}"
	}

 for request:

	{
	  "method" : "GET",
	  "path" : "/prod/info",
	  "headers" : [ {
	    "name" : "Accept",
	    "values" : [ "application/json, application/*+json" ]
	  }, {
	    "name" : "User-Agent",
	    "values" : [ "Java/1.8.0_102" ]
	  }, {
	    "name" : "Host",
	    "values" : [ "localhost:1080" ]
	  }, {
	    "name" : "Content-Length",
	    "values" : [ "0" ]
	  } ],
	  "keepAlive" : true,
	  "secure" : false
	}


2017-04-26 05:09:06,208 INFO o.m.m.MockServer MockServer started on port: 1080
2017-04-26 05:09:06,224 INFO o.m.m.MockServerHandler creating expectation:

	{
	  "httpRequest" : {
	    "method" : "GET",
	    "path" : "/info"
	  },
	  "times" : {
	    "unlimited" : true
	  },
	  "timeToLive" : {
	    "unlimited" : true
	  },
	  "httpResponse" : {
	    "statusCode" : 200,
	    "headers" : [ {
	      "name" : "Content-Type",
	      "values" : [ "application/json" ]
	    } ],
	    "body" : "{\"pivotalTrackerStoryID\": \"#55555\", \"storySHA\": \"88\"}"
	  }
	}


2017-04-26 05:09:06,233 INFO o.m.m.MockServerHandler creating expectation:

	{
	  "httpRequest" : {
	    "method" : "GET",
	    "path" : "/prod/info"
	  },
	  "times" : {
	    "unlimited" : true
	  },
	  "timeToLive" : {
	    "unlimited" : true
	  },
	  "httpResponse" : {
	    "statusCode" : 200,
	    "headers" : [ {
	      "name" : "Content-Type",
	      "values" : [ "application/json" ]
	    } ],
	    "body" : "{\"pivotalTrackerStoryID\": \"#42\", \"storySHA\": \"21\"}"
	  }
	}


2017-04-26 05:09:06,242 INFO o.m.m.MockServerHandler creating expectation:

	{
	  "httpRequest" : {
	    "method" : "GET",
	    "path" : "/job/TestProject%20CI/lastCompletedBuild/api/json"
	  },
	  "times" : {
	    "unlimited" : true
	  },
	  "timeToLive" : {
	    "unlimited" : true
	  },
	  "httpResponse" : {
	    "statusCode" : 200,
	    "headers" : [ {
	      "name" : "Content-Type",
	      "values" : [ "application/json" ]
	    } ],
	    "body" : "{\"result\": \"NOT_A_SUCCESS\"}"
	  }
	}


2017-04-26 05:09:06,253 INFO o.m.m.MockServerHandler creating expectation:

	{
	  "httpRequest" : {
	    "method" : "GET",
	    "path" : "/job/TestProject%20to%20SA/lastCompletedBuild/api/json"
	  },
	  "times" : {
	    "unlimited" : true
	  },
	  "timeToLive" : {
	    "unlimited" : true
	  },
	  "httpResponse" : {
	    "statusCode" : 200,
	    "headers" : [ {
	      "name" : "Content-Type",
	      "values" : [ "application/json" ]
	    } ],
	    "body" : "{\"result\": \"NOT_A_SUCCESS\"}"
	  }
	}


2017-04-26 05:09:06,260 INFO o.m.m.MockServerHandler creating expectation:

	{
	  "httpRequest" : {
	    "method" : "GET",
	    "path" : "/job/TestProject%20to%20Production/lastCompletedBuild/api/json"
	  },
	  "times" : {
	    "unlimited" : true
	  },
	  "timeToLive" : {
	    "unlimited" : true
	  },
	  "httpResponse" : {
	    "statusCode" : 200,
	    "headers" : [ {
	      "name" : "Content-Type",
	      "values" : [ "application/json" ]
	    } ],
	    "body" : "{\"result\": \"BANANAS\"}"
	  }
	}


2017-04-26 05:09:06,278 INFO o.m.m.MockServerHandler returning response:

	{
	  "statusCode" : 200,
	  "headers" : [ {
	    "name" : "Content-Type",
	    "values" : [ "application/json" ]
	  } ],
	  "body" : "{\"result\": \"NOT_A_SUCCESS\"}"
	}

 for request:

	{
	  "method" : "GET",
	  "path" : "/job/TestProject%20CI/lastCompletedBuild/api/json",
	  "headers" : [ {
	    "name" : "Accept",
	    "values" : [ "application/json, application/*+json" ]
	  }, {
	    "name" : "User-Agent",
	    "values" : [ "Java/1.8.0_102" ]
	  }, {
	    "name" : "Host",
	    "values" : [ "localhost:1080" ]
	  }, {
	    "name" : "Content-Length",
	    "values" : [ "0" ]
	  } ],
	  "keepAlive" : true,
	  "secure" : false
	}


2017-04-26 05:09:06,291 INFO o.m.m.MockServerHandler returning response:

	{
	  "statusCode" : 200,
	  "headers" : [ {
	    "name" : "Content-Type",
	    "values" : [ "application/json" ]
	  } ],
	  "body" : "{\"result\": \"NOT_A_SUCCESS\"}"
	}

 for request:

	{
	  "method" : "GET",
	  "path" : "/job/TestProject%20to%20SA/lastCompletedBuild/api/json",
	  "headers" : [ {
	    "name" : "Accept",
	    "values" : [ "application/json, application/*+json" ]
	  }, {
	    "name" : "User-Agent",
	    "values" : [ "Java/1.8.0_102" ]
	  }, {
	    "name" : "Host",
	    "values" : [ "localhost:1080" ]
	  }, {
	    "name" : "Content-Length",
	    "values" : [ "0" ]
	  } ],
	  "keepAlive" : true,
	  "secure" : false
	}


2017-04-26 05:09:06,298 INFO o.m.m.MockServerHandler returning response:

	{
	  "statusCode" : 200,
	  "headers" : [ {
	    "name" : "Content-Type",
	    "values" : [ "application/json" ]
	  } ],
	  "body" : "{\"result\": \"BANANAS\"}"
	}

 for request:

	{
	  "method" : "GET",
	  "path" : "/job/TestProject%20to%20Production/lastCompletedBuild/api/json",
	  "headers" : [ {
	    "name" : "Accept",
	    "values" : [ "application/json, application/*+json" ]
	  }, {
	    "name" : "User-Agent",
	    "values" : [ "Java/1.8.0_102" ]
	  }, {
	    "name" : "Host",
	    "values" : [ "localhost:1080" ]
	  }, {
	    "name" : "Content-Length",
	    "values" : [ "0" ]
	  } ],
	  "keepAlive" : true,
	  "secure" : false
	}


2017-04-26 05:09:06,304 INFO o.m.m.MockServerHandler returning response:

	{
	  "statusCode" : 200,
	  "headers" : [ {
	    "name" : "Content-Type",
	    "values" : [ "application/json" ]
	  } ],
	  "body" : "{\"pivotalTrackerStoryID\": \"#55555\", \"storySHA\": \"88\"}"
	}

 for request:

	{
	  "method" : "GET",
	  "path" : "/info",
	  "headers" : [ {
	    "name" : "Accept",
	    "values" : [ "application/json, application/*+json" ]
	  }, {
	    "name" : "User-Agent",
	    "values" : [ "Java/1.8.0_102" ]
	  }, {
	    "name" : "Host",
	    "values" : [ "localhost:1080" ]
	  }, {
	    "name" : "Content-Length",
	    "values" : [ "0" ]
	  } ],
	  "keepAlive" : true,
	  "secure" : false
	}


2017-04-26 05:09:06,308 INFO o.m.m.MockServerHandler returning response:

	{
	  "statusCode" : 200,
	  "headers" : [ {
	    "name" : "Content-Type",
	    "values" : [ "application/json" ]
	  } ],
	  "body" : "{\"pivotalTrackerStoryID\": \"#42\", \"storySHA\": \"21\"}"
	}

 for request:

	{
	  "method" : "GET",
	  "path" : "/prod/info",
	  "headers" : [ {
	    "name" : "Accept",
	    "values" : [ "application/json, application/*+json" ]
	  }, {
	    "name" : "User-Agent",
	    "values" : [ "Java/1.8.0_102" ]
	  }, {
	    "name" : "Host",
	    "values" : [ "localhost:1080" ]
	  }, {
	    "name" : "Content-Length",
	    "values" : [ "0" ]
	  } ],
	  "keepAlive" : true,
	  "secure" : false
	}


2017-04-26 05:09:06,341 INFO o.m.m.MockServer MockServer started on port: 1080
2017-04-26 05:09:06,355 INFO o.m.m.MockServerHandler creating expectation:

	{
	  "httpRequest" : {
	    "method" : "GET",
	    "path" : "/info"
	  },
	  "times" : {
	    "unlimited" : true
	  },
	  "timeToLive" : {
	    "unlimited" : true
	  },
	  "httpResponse" : {
	    "statusCode" : 200,
	    "headers" : [ {
	      "name" : "Content-Type",
	      "values" : [ "application/json" ]
	    } ],
	    "body" : "{\"pivotalTrackerStoryID\": \"#55555\", \"storySHA\": \"88\"}"
	  }
	}


2017-04-26 05:09:06,370 INFO o.m.m.MockServerHandler creating expectation:

	{
	  "httpRequest" : {
	    "method" : "GET",
	    "path" : "/prod/info"
	  },
	  "times" : {
	    "unlimited" : true
	  },
	  "timeToLive" : {
	    "unlimited" : true
	  },
	  "httpResponse" : {
	    "statusCode" : 200,
	    "headers" : [ {
	      "name" : "Content-Type",
	      "values" : [ "application/json" ]
	    } ],
	    "body" : "{\"pivotalTrackerStoryID\": \"#42\", \"storySHA\": \"21\"}"
	  }
	}


2017-04-26 05:09:06,379 INFO o.m.m.MockServerHandler creating expectation:

	{
	  "httpRequest" : {
	    "method" : "GET",
	    "path" : "/job/TestProject%20CI/lastCompletedBuild/api/json"
	  },
	  "times" : {
	    "unlimited" : true
	  },
	  "timeToLive" : {
	    "unlimited" : true
	  },
	  "httpResponse" : {
	    "statusCode" : 200,
	    "headers" : [ {
	      "name" : "Content-Type",
	      "values" : [ "application/json" ]
	    } ],
	    "body" : "{\"result\": \"NOT_A_SUCCESS\"}"
	  }
	}


2017-04-26 05:09:06,391 INFO o.m.m.MockServerHandler creating expectation:

	{
	  "httpRequest" : {
	    "method" : "GET",
	    "path" : "/job/TestProject%20to%20SA/lastCompletedBuild/api/json"
	  },
	  "times" : {
	    "unlimited" : true
	  },
	  "timeToLive" : {
	    "unlimited" : true
	  },
	  "httpResponse" : {
	    "statusCode" : 200,
	    "headers" : [ {
	      "name" : "Content-Type",
	      "values" : [ "application/json" ]
	    } ],
	    "body" : "{\"result\": \"NOT_A_SUCCESS\"}"
	  }
	}


2017-04-26 05:09:06,402 INFO o.m.m.MockServerHandler creating expectation:

	{
	  "httpRequest" : {
	    "method" : "GET",
	    "path" : "/job/TestProject%20to%20Production/lastCompletedBuild/api/json"
	  },
	  "times" : {
	    "unlimited" : true
	  },
	  "timeToLive" : {
	    "unlimited" : true
	  },
	  "httpResponse" : {
	    "statusCode" : 200,
	    "headers" : [ {
	      "name" : "Content-Type",
	      "values" : [ "application/json" ]
	    } ],
	    "body" : "{\"result\": \"BANANAS\"}"
	  }
	}


2017-04-26 05:09:06,425 INFO o.m.m.MockServerHandler returning response:

	{
	  "statusCode" : 200,
	  "headers" : [ {
	    "name" : "Content-Type",
	    "values" : [ "application/json" ]
	  } ],
	  "body" : "{\"result\": \"NOT_A_SUCCESS\"}"
	}

 for request:

	{
	  "method" : "GET",
	  "path" : "/job/TestProject%20CI/lastCompletedBuild/api/json",
	  "headers" : [ {
	    "name" : "Accept",
	    "values" : [ "application/json, application/*+json" ]
	  }, {
	    "name" : "User-Agent",
	    "values" : [ "Java/1.8.0_102" ]
	  }, {
	    "name" : "Host",
	    "values" : [ "localhost:1080" ]
	  }, {
	    "name" : "Content-Length",
	    "values" : [ "0" ]
	  } ],
	  "keepAlive" : true,
	  "secure" : false
	}


2017-04-26 05:09:06,433 INFO o.m.m.MockServerHandler returning response:

	{
	  "statusCode" : 200,
	  "headers" : [ {
	    "name" : "Content-Type",
	    "values" : [ "application/json" ]
	  } ],
	  "body" : "{\"result\": \"NOT_A_SUCCESS\"}"
	}

 for request:

	{
	  "method" : "GET",
	  "path" : "/job/TestProject%20to%20SA/lastCompletedBuild/api/json",
	  "headers" : [ {
	    "name" : "Accept",
	    "values" : [ "application/json, application/*+json" ]
	  }, {
	    "name" : "User-Agent",
	    "values" : [ "Java/1.8.0_102" ]
	  }, {
	    "name" : "Host",
	    "values" : [ "localhost:1080" ]
	  }, {
	    "name" : "Content-Length",
	    "values" : [ "0" ]
	  } ],
	  "keepAlive" : true,
	  "secure" : false
	}


2017-04-26 05:09:06,441 INFO o.m.m.MockServerHandler returning response:

	{
	  "statusCode" : 200,
	  "headers" : [ {
	    "name" : "Content-Type",
	    "values" : [ "application/json" ]
	  } ],
	  "body" : "{\"result\": \"BANANAS\"}"
	}

 for request:

	{
	  "method" : "GET",
	  "path" : "/job/TestProject%20to%20Production/lastCompletedBuild/api/json",
	  "headers" : [ {
	    "name" : "Accept",
	    "values" : [ "application/json, application/*+json" ]
	  }, {
	    "name" : "User-Agent",
	    "values" : [ "Java/1.8.0_102" ]
	  }, {
	    "name" : "Host",
	    "values" : [ "localhost:1080" ]
	  }, {
	    "name" : "Content-Length",
	    "values" : [ "0" ]
	  } ],
	  "keepAlive" : true,
	  "secure" : false
	}


2017-04-26 05:09:06,445 INFO o.m.m.MockServerHandler returning response:

	{
	  "statusCode" : 200,
	  "headers" : [ {
	    "name" : "Content-Type",
	    "values" : [ "application/json" ]
	  } ],
	  "body" : "{\"pivotalTrackerStoryID\": \"#55555\", \"storySHA\": \"88\"}"
	}

 for request:

	{
	  "method" : "GET",
	  "path" : "/info",
	  "headers" : [ {
	    "name" : "Accept",
	    "values" : [ "application/json, application/*+json" ]
	  }, {
	    "name" : "User-Agent",
	    "values" : [ "Java/1.8.0_102" ]
	  }, {
	    "name" : "Host",
	    "values" : [ "localhost:1080" ]
	  }, {
	    "name" : "Content-Length",
	    "values" : [ "0" ]
	  } ],
	  "keepAlive" : true,
	  "secure" : false
	}


2017-04-26 05:09:06,452 INFO o.m.m.MockServerHandler returning response:

	{
	  "statusCode" : 200,
	  "headers" : [ {
	    "name" : "Content-Type",
	    "values" : [ "application/json" ]
	  } ],
	  "body" : "{\"pivotalTrackerStoryID\": \"#42\", \"storySHA\": \"21\"}"
	}

 for request:

	{
	  "method" : "GET",
	  "path" : "/prod/info",
	  "headers" : [ {
	    "name" : "Accept",
	    "values" : [ "application/json, application/*+json" ]
	  }, {
	    "name" : "User-Agent",
	    "values" : [ "Java/1.8.0_102" ]
	  }, {
	    "name" : "Host",
	    "values" : [ "localhost:1080" ]
	  }, {
	    "name" : "Content-Length",
	    "values" : [ "0" ]
	  } ],
	  "keepAlive" : true,
	  "secure" : false
	}


2017-04-26 05:09:06,484 INFO o.m.m.MockServer MockServer started on port: 1080
2017-04-26 05:09:06,490 INFO o.m.m.MockServerHandler creating expectation:

	{
	  "httpRequest" : {
	    "method" : "GET",
	    "path" : "/info"
	  },
	  "times" : {
	    "unlimited" : true
	  },
	  "timeToLive" : {
	    "unlimited" : true
	  },
	  "httpResponse" : {
	    "statusCode" : 200,
	    "headers" : [ {
	      "name" : "Content-Type",
	      "values" : [ "application/json" ]
	    } ],
	    "body" : "{\"pivotalTrackerStoryID\": \"#55555\", \"storySHA\": \"88\"}"
	  }
	}


2017-04-26 05:09:06,510 INFO o.m.m.MockServerHandler creating expectation:

	{
	  "httpRequest" : {
	    "method" : "GET",
	    "path" : "/prod/info"
	  },
	  "times" : {
	    "unlimited" : true
	  },
	  "timeToLive" : {
	    "unlimited" : true
	  },
	  "httpResponse" : {
	    "statusCode" : 200,
	    "headers" : [ {
	      "name" : "Content-Type",
	      "values" : [ "application/json" ]
	    } ],
	    "body" : "{\"pivotalTrackerStoryID\": \"#42\", \"storySHA\": \"21\"}"
	  }
	}


2017-04-26 05:09:06,531 INFO o.m.m.MockServerHandler creating expectation:

	{
	  "httpRequest" : {
	    "method" : "GET",
	    "path" : "/job/TestProject%20CI/lastCompletedBuild/api/json"
	  },
	  "times" : {
	    "unlimited" : true
	  },
	  "timeToLive" : {
	    "unlimited" : true
	  },
	  "httpResponse" : {
	    "statusCode" : 200,
	    "headers" : [ {
	      "name" : "Content-Type",
	      "values" : [ "application/json" ]
	    } ],
	    "body" : "{\"result\": \"NOT_A_SUCCESS\"}"
	  }
	}


2017-04-26 05:09:06,543 INFO o.m.m.MockServerHandler creating expectation:

	{
	  "httpRequest" : {
	    "method" : "GET",
	    "path" : "/job/TestProject%20to%20SA/lastCompletedBuild/api/json"
	  },
	  "times" : {
	    "unlimited" : true
	  },
	  "timeToLive" : {
	    "unlimited" : true
	  },
	  "httpResponse" : {
	    "statusCode" : 200,
	    "headers" : [ {
	      "name" : "Content-Type",
	      "values" : [ "application/json" ]
	    } ],
	    "body" : "{\"result\": \"NOT_A_SUCCESS\"}"
	  }
	}


2017-04-26 05:09:06,556 INFO o.m.m.MockServerHandler creating expectation:

	{
	  "httpRequest" : {
	    "method" : "GET",
	    "path" : "/job/TestProject%20to%20Production/lastCompletedBuild/api/json"
	  },
	  "times" : {
	    "unlimited" : true
	  },
	  "timeToLive" : {
	    "unlimited" : true
	  },
	  "httpResponse" : {
	    "statusCode" : 200,
	    "headers" : [ {
	      "name" : "Content-Type",
	      "values" : [ "application/json" ]
	    } ],
	    "body" : "{\"result\": \"BANANAS\"}"
	  }
	}


2017-04-26 05:09:06,563 INFO o.m.m.MockServerHandler clearing expectations and request logs that match:

	{
	  "method" : "GET",
	  "path" : "/prod/info"
	}


2017-04-26 05:09:06,580 INFO o.m.m.MockServerHandler returning response:

	{
	  "statusCode" : 200,
	  "headers" : [ {
	    "name" : "Content-Type",
	    "values" : [ "application/json" ]
	  } ],
	  "body" : "{\"result\": \"NOT_A_SUCCESS\"}"
	}

 for request:

	{
	  "method" : "GET",
	  "path" : "/job/TestProject%20CI/lastCompletedBuild/api/json",
	  "headers" : [ {
	    "name" : "Accept",
	    "values" : [ "application/json, application/*+json" ]
	  }, {
	    "name" : "User-Agent",
	    "values" : [ "Java/1.8.0_102" ]
	  }, {
	    "name" : "Host",
	    "values" : [ "localhost:1080" ]
	  }, {
	    "name" : "Content-Length",
	    "values" : [ "0" ]
	  } ],
	  "keepAlive" : true,
	  "secure" : false
	}


2017-04-26 05:09:06,586 INFO o.m.m.MockServerHandler returning response:

	{
	  "statusCode" : 200,
	  "headers" : [ {
	    "name" : "Content-Type",
	    "values" : [ "application/json" ]
	  } ],
	  "body" : "{\"result\": \"NOT_A_SUCCESS\"}"
	}

 for request:

	{
	  "method" : "GET",
	  "path" : "/job/TestProject%20to%20SA/lastCompletedBuild/api/json",
	  "headers" : [ {
	    "name" : "Accept",
	    "values" : [ "application/json, application/*+json" ]
	  }, {
	    "name" : "User-Agent",
	    "values" : [ "Java/1.8.0_102" ]
	  }, {
	    "name" : "Host",
	    "values" : [ "localhost:1080" ]
	  }, {
	    "name" : "Content-Length",
	    "values" : [ "0" ]
	  } ],
	  "keepAlive" : true,
	  "secure" : false
	}


2017-04-26 05:09:06,591 INFO o.m.m.MockServerHandler returning response:

	{
	  "statusCode" : 200,
	  "headers" : [ {
	    "name" : "Content-Type",
	    "values" : [ "application/json" ]
	  } ],
	  "body" : "{\"result\": \"BANANAS\"}"
	}

 for request:

	{
	  "method" : "GET",
	  "path" : "/job/TestProject%20to%20Production/lastCompletedBuild/api/json",
	  "headers" : [ {
	    "name" : "Accept",
	    "values" : [ "application/json, application/*+json" ]
	  }, {
	    "name" : "User-Agent",
	    "values" : [ "Java/1.8.0_102" ]
	  }, {
	    "name" : "Host",
	    "values" : [ "localhost:1080" ]
	  }, {
	    "name" : "Content-Length",
	    "values" : [ "0" ]
	  } ],
	  "keepAlive" : true,
	  "secure" : false
	}


2017-04-26 05:09:06,596 INFO o.m.m.MockServerHandler returning response:

	{
	  "statusCode" : 200,
	  "headers" : [ {
	    "name" : "Content-Type",
	    "values" : [ "application/json" ]
	  } ],
	  "body" : "{\"pivotalTrackerStoryID\": \"#55555\", \"storySHA\": \"88\"}"
	}

 for request:

	{
	  "method" : "GET",
	  "path" : "/info",
	  "headers" : [ {
	    "name" : "Accept",
	    "values" : [ "application/json, application/*+json" ]
	  }, {
	    "name" : "User-Agent",
	    "values" : [ "Java/1.8.0_102" ]
	  }, {
	    "name" : "Host",
	    "values" : [ "localhost:1080" ]
	  }, {
	    "name" : "Content-Length",
	    "values" : [ "0" ]
	  } ],
	  "keepAlive" : true,
	  "secure" : false
	}


2017-04-26 05:09:06,603 INFO o.m.m.MockServerHandler returning response:

	{
	  "statusCode" : 404
	}

 for request:

	{
	  "method" : "GET",
	  "path" : "/prod/info",
	  "headers" : [ {
	    "name" : "Accept",
	    "values" : [ "application/json, application/*+json" ]
	  }, {
	    "name" : "User-Agent",
	    "values" : [ "Java/1.8.0_102" ]
	  }, {
	    "name" : "Host",
	    "values" : [ "localhost:1080" ]
	  }, {
	    "name" : "Content-Length",
	    "values" : [ "0" ]
	  } ],
	  "keepAlive" : true,
	  "secure" : false
	}


2017-04-26 05:09:06,644 INFO o.m.m.MockServer MockServer started on port: 1080
2017-04-26 05:09:06,652 INFO o.m.m.MockServerHandler creating expectation:

	{
	  "httpRequest" : {
	    "method" : "GET",
	    "path" : "/info"
	  },
	  "times" : {
	    "unlimited" : true
	  },
	  "timeToLive" : {
	    "unlimited" : true
	  },
	  "httpResponse" : {
	    "statusCode" : 200,
	    "headers" : [ {
	      "name" : "Content-Type",
	      "values" : [ "application/json" ]
	    } ],
	    "body" : "{\"pivotalTrackerStoryID\": \"#55555\", \"storySHA\": \"88\"}"
	  }
	}


2017-04-26 05:09:06,670 INFO o.m.m.MockServerHandler creating expectation:

	{
	  "httpRequest" : {
	    "method" : "GET",
	    "path" : "/prod/info"
	  },
	  "times" : {
	    "unlimited" : true
	  },
	  "timeToLive" : {
	    "unlimited" : true
	  },
	  "httpResponse" : {
	    "statusCode" : 200,
	    "headers" : [ {
	      "name" : "Content-Type",
	      "values" : [ "application/json" ]
	    } ],
	    "body" : "{\"pivotalTrackerStoryID\": \"#42\", \"storySHA\": \"21\"}"
	  }
	}


2017-04-26 05:09:06,689 INFO o.m.m.MockServerHandler creating expectation:

	{
	  "httpRequest" : {
	    "method" : "GET",
	    "path" : "/job/TestProject%20CI/lastCompletedBuild/api/json"
	  },
	  "times" : {
	    "unlimited" : true
	  },
	  "timeToLive" : {
	    "unlimited" : true
	  },
	  "httpResponse" : {
	    "statusCode" : 200,
	    "headers" : [ {
	      "name" : "Content-Type",
	      "values" : [ "application/json" ]
	    } ],
	    "body" : "{\"result\": \"NOT_A_SUCCESS\"}"
	  }
	}


2017-04-26 05:09:06,713 INFO o.m.m.MockServerHandler creating expectation:

	{
	  "httpRequest" : {
	    "method" : "GET",
	    "path" : "/job/TestProject%20to%20SA/lastCompletedBuild/api/json"
	  },
	  "times" : {
	    "unlimited" : true
	  },
	  "timeToLive" : {
	    "unlimited" : true
	  },
	  "httpResponse" : {
	    "statusCode" : 200,
	    "headers" : [ {
	      "name" : "Content-Type",
	      "values" : [ "application/json" ]
	    } ],
	    "body" : "{\"result\": \"NOT_A_SUCCESS\"}"
	  }
	}


2017-04-26 05:09:06,741 INFO o.m.m.MockServerHandler creating expectation:

	{
	  "httpRequest" : {
	    "method" : "GET",
	    "path" : "/job/TestProject%20to%20Production/lastCompletedBuild/api/json"
	  },
	  "times" : {
	    "unlimited" : true
	  },
	  "timeToLive" : {
	    "unlimited" : true
	  },
	  "httpResponse" : {
	    "statusCode" : 200,
	    "headers" : [ {
	      "name" : "Content-Type",
	      "values" : [ "application/json" ]
	    } ],
	    "body" : "{\"result\": \"BANANAS\"}"
	  }
	}


2017-04-26 05:09:06,752 INFO o.m.m.MockServerHandler clearing expectations and request logs that match:

	{
	  "method" : "GET",
	  "path" : "/job/TestProject%20to%20SA/lastCompletedBuild/api/json"
	}


2017-04-26 05:09:06,762 INFO o.m.m.MockServerHandler clearing expectations and request logs that match:

	{
	  "method" : "GET",
	  "path" : "/job/TestProject%20to%20Production/lastCompletedBuild/api/json"
	}


2017-04-26 05:09:06,797 INFO o.m.m.MockServerHandler returning response:

	{
	  "statusCode" : 200,
	  "headers" : [ {
	    "name" : "Content-Type",
	    "values" : [ "application/json" ]
	  } ],
	  "body" : "{\"result\": \"NOT_A_SUCCESS\"}"
	}

 for request:

	{
	  "method" : "GET",
	  "path" : "/job/TestProject%20CI/lastCompletedBuild/api/json",
	  "headers" : [ {
	    "name" : "Accept",
	    "values" : [ "application/json, application/*+json" ]
	  }, {
	    "name" : "User-Agent",
	    "values" : [ "Java/1.8.0_102" ]
	  }, {
	    "name" : "Host",
	    "values" : [ "localhost:1080" ]
	  }, {
	    "name" : "Content-Length",
	    "values" : [ "0" ]
	  } ],
	  "keepAlive" : true,
	  "secure" : false
	}


2017-04-26 05:09:06,807 INFO o.m.m.MockServerHandler returning response:

	{
	  "statusCode" : 404
	}

 for request:

	{
	  "method" : "GET",
	  "path" : "/job/TestProject%20to%20SA/lastCompletedBuild/api/json",
	  "headers" : [ {
	    "name" : "Accept",
	    "values" : [ "application/json, application/*+json" ]
	  }, {
	    "name" : "User-Agent",
	    "values" : [ "Java/1.8.0_102" ]
	  }, {
	    "name" : "Host",
	    "values" : [ "localhost:1080" ]
	  }, {
	    "name" : "Content-Length",
	    "values" : [ "0" ]
	  } ],
	  "keepAlive" : true,
	  "secure" : false
	}


2017-04-26 05:09:06,814 INFO o.m.m.MockServerHandler returning response:

	{
	  "statusCode" : 404
	}

 for request:

	{
	  "method" : "GET",
	  "path" : "/job/TestProject%20to%20Production/lastCompletedBuild/api/json",
	  "headers" : [ {
	    "name" : "Accept",
	    "values" : [ "application/json, application/*+json" ]
	  }, {
	    "name" : "User-Agent",
	    "values" : [ "Java/1.8.0_102" ]
	  }, {
	    "name" : "Host",
	    "values" : [ "localhost:1080" ]
	  }, {
	    "name" : "Content-Length",
	    "values" : [ "0" ]
	  } ],
	  "keepAlive" : true,
	  "secure" : false
	}


2017-04-26 05:09:06,821 INFO o.m.m.MockServerHandler returning response:

	{
	  "statusCode" : 200,
	  "headers" : [ {
	    "name" : "Content-Type",
	    "values" : [ "application/json" ]
	  } ],
	  "body" : "{\"pivotalTrackerStoryID\": \"#55555\", \"storySHA\": \"88\"}"
	}

 for request:

	{
	  "method" : "GET",
	  "path" : "/info",
	  "headers" : [ {
	    "name" : "Accept",
	    "values" : [ "application/json, application/*+json" ]
	  }, {
	    "name" : "User-Agent",
	    "values" : [ "Java/1.8.0_102" ]
	  }, {
	    "name" : "Host",
	    "values" : [ "localhost:1080" ]
	  }, {
	    "name" : "Content-Length",
	    "values" : [ "0" ]
	  } ],
	  "keepAlive" : true,
	  "secure" : false
	}


2017-04-26 05:09:06,826 INFO o.m.m.MockServerHandler returning response:

	{
	  "statusCode" : 200,
	  "headers" : [ {
	    "name" : "Content-Type",
	    "values" : [ "application/json" ]
	  } ],
	  "body" : "{\"pivotalTrackerStoryID\": \"#42\", \"storySHA\": \"21\"}"
	}

 for request:

	{
	  "method" : "GET",
	  "path" : "/prod/info",
	  "headers" : [ {
	    "name" : "Accept",
	    "values" : [ "application/json, application/*+json" ]
	  }, {
	    "name" : "User-Agent",
	    "values" : [ "Java/1.8.0_102" ]
	  }, {
	    "name" : "Host",
	    "values" : [ "localhost:1080" ]
	  }, {
	    "name" : "Content-Length",
	    "values" : [ "0" ]
	  } ],
	  "keepAlive" : true,
	  "secure" : false
	}


2017-04-26 05:09:06,854 INFO o.m.m.MockServer MockServer started on port: 1080
2017-04-26 05:09:06,859 INFO o.m.m.MockServerHandler creating expectation:

	{
	  "httpRequest" : {
	    "method" : "GET",
	    "path" : "/info"
	  },
	  "times" : {
	    "unlimited" : true
	  },
	  "timeToLive" : {
	    "unlimited" : true
	  },
	  "httpResponse" : {
	    "statusCode" : 200,
	    "headers" : [ {
	      "name" : "Content-Type",
	      "values" : [ "application/json" ]
	    } ],
	    "body" : "{\"pivotalTrackerStoryID\": \"#55555\", \"storySHA\": \"88\"}"
	  }
	}


2017-04-26 05:09:06,878 INFO o.m.m.MockServerHandler creating expectation:

	{
	  "httpRequest" : {
	    "method" : "GET",
	    "path" : "/prod/info"
	  },
	  "times" : {
	    "unlimited" : true
	  },
	  "timeToLive" : {
	    "unlimited" : true
	  },
	  "httpResponse" : {
	    "statusCode" : 200,
	    "headers" : [ {
	      "name" : "Content-Type",
	      "values" : [ "application/json" ]
	    } ],
	    "body" : "{\"pivotalTrackerStoryID\": \"#42\", \"storySHA\": \"21\"}"
	  }
	}


2017-04-26 05:09:06,892 INFO o.m.m.MockServerHandler creating expectation:

	{
	  "httpRequest" : {
	    "method" : "GET",
	    "path" : "/job/TestProject%20CI/lastCompletedBuild/api/json"
	  },
	  "times" : {
	    "unlimited" : true
	  },
	  "timeToLive" : {
	    "unlimited" : true
	  },
	  "httpResponse" : {
	    "statusCode" : 200,
	    "headers" : [ {
	      "name" : "Content-Type",
	      "values" : [ "application/json" ]
	    } ],
	    "body" : "{\"result\": \"NOT_A_SUCCESS\"}"
	  }
	}


2017-04-26 05:09:06,907 INFO o.m.m.MockServerHandler creating expectation:

	{
	  "httpRequest" : {
	    "method" : "GET",
	    "path" : "/job/TestProject%20to%20SA/lastCompletedBuild/api/json"
	  },
	  "times" : {
	    "unlimited" : true
	  },
	  "timeToLive" : {
	    "unlimited" : true
	  },
	  "httpResponse" : {
	    "statusCode" : 200,
	    "headers" : [ {
	      "name" : "Content-Type",
	      "values" : [ "application/json" ]
	    } ],
	    "body" : "{\"result\": \"NOT_A_SUCCESS\"}"
	  }
	}


2017-04-26 05:09:06,924 INFO o.m.m.MockServerHandler creating expectation:

	{
	  "httpRequest" : {
	    "method" : "GET",
	    "path" : "/job/TestProject%20to%20Production/lastCompletedBuild/api/json"
	  },
	  "times" : {
	    "unlimited" : true
	  },
	  "timeToLive" : {
	    "unlimited" : true
	  },
	  "httpResponse" : {
	    "statusCode" : 200,
	    "headers" : [ {
	      "name" : "Content-Type",
	      "values" : [ "application/json" ]
	    } ],
	    "body" : "{\"result\": \"BANANAS\"}"
	  }
	}


2017-04-26 05:09:06,955 INFO o.m.m.MockServerHandler returning response:

	{
	  "statusCode" : 200,
	  "headers" : [ {
	    "name" : "Content-Type",
	    "values" : [ "application/json" ]
	  } ],
	  "body" : "{\"result\": \"NOT_A_SUCCESS\"}"
	}

 for request:

	{
	  "method" : "GET",
	  "path" : "/job/TestProject%20CI/lastCompletedBuild/api/json",
	  "headers" : [ {
	    "name" : "Accept",
	    "values" : [ "application/json, application/*+json" ]
	  }, {
	    "name" : "User-Agent",
	    "values" : [ "Java/1.8.0_102" ]
	  }, {
	    "name" : "Host",
	    "values" : [ "localhost:1080" ]
	  }, {
	    "name" : "Content-Length",
	    "values" : [ "0" ]
	  } ],
	  "keepAlive" : true,
	  "secure" : false
	}


2017-04-26 05:09:06,961 INFO o.m.m.MockServerHandler returning response:

	{
	  "statusCode" : 200,
	  "headers" : [ {
	    "name" : "Content-Type",
	    "values" : [ "application/json" ]
	  } ],
	  "body" : "{\"result\": \"NOT_A_SUCCESS\"}"
	}

 for request:

	{
	  "method" : "GET",
	  "path" : "/job/TestProject%20to%20SA/lastCompletedBuild/api/json",
	  "headers" : [ {
	    "name" : "Accept",
	    "values" : [ "application/json, application/*+json" ]
	  }, {
	    "name" : "User-Agent",
	    "values" : [ "Java/1.8.0_102" ]
	  }, {
	    "name" : "Host",
	    "values" : [ "localhost:1080" ]
	  }, {
	    "name" : "Content-Length",
	    "values" : [ "0" ]
	  } ],
	  "keepAlive" : true,
	  "secure" : false
	}


2017-04-26 05:09:06,965 INFO o.m.m.MockServerHandler returning response:

	{
	  "statusCode" : 200,
	  "headers" : [ {
	    "name" : "Content-Type",
	    "values" : [ "application/json" ]
	  } ],
	  "body" : "{\"result\": \"BANANAS\"}"
	}

 for request:

	{
	  "method" : "GET",
	  "path" : "/job/TestProject%20to%20Production/lastCompletedBuild/api/json",
	  "headers" : [ {
	    "name" : "Accept",
	    "values" : [ "application/json, application/*+json" ]
	  }, {
	    "name" : "User-Agent",
	    "values" : [ "Java/1.8.0_102" ]
	  }, {
	    "name" : "Host",
	    "values" : [ "localhost:1080" ]
	  }, {
	    "name" : "Content-Length",
	    "values" : [ "0" ]
	  } ],
	  "keepAlive" : true,
	  "secure" : false
	}


2017-04-26 05:09:06,971 INFO o.m.m.MockServerHandler returning response:

	{
	  "statusCode" : 200,
	  "headers" : [ {
	    "name" : "Content-Type",
	    "values" : [ "application/json" ]
	  } ],
	  "body" : "{\"pivotalTrackerStoryID\": \"#55555\", \"storySHA\": \"88\"}"
	}

 for request:

	{
	  "method" : "GET",
	  "path" : "/info",
	  "headers" : [ {
	    "name" : "Accept",
	    "values" : [ "application/json, application/*+json" ]
	  }, {
	    "name" : "User-Agent",
	    "values" : [ "Java/1.8.0_102" ]
	  }, {
	    "name" : "Host",
	    "values" : [ "localhost:1080" ]
	  }, {
	    "name" : "Content-Length",
	    "values" : [ "0" ]
	  } ],
	  "keepAlive" : true,
	  "secure" : false
	}


2017-04-26 05:09:06,975 INFO o.m.m.MockServerHandler returning response:

	{
	  "statusCode" : 200,
	  "headers" : [ {
	    "name" : "Content-Type",
	    "values" : [ "application/json" ]
	  } ],
	  "body" : "{\"pivotalTrackerStoryID\": \"#42\", \"storySHA\": \"21\"}"
	}

 for request:

	{
	  "method" : "GET",
	  "path" : "/prod/info",
	  "headers" : [ {
	    "name" : "Accept",
	    "values" : [ "application/json, application/*+json" ]
	  }, {
	    "name" : "User-Agent",
	    "values" : [ "Java/1.8.0_102" ]
	  }, {
	    "name" : "Host",
	    "values" : [ "localhost:1080" ]
	  }, {
	    "name" : "Content-Length",
	    "values" : [ "0" ]
	  } ],
	  "keepAlive" : true,
	  "secure" : false
	}


2017-04-26 05:09:07,010 INFO o.m.m.MockServer MockServer started on port: 1080
2017-04-26 05:09:07,028 INFO o.m.m.MockServerHandler creating expectation:

	{
	  "httpRequest" : {
	    "method" : "GET",
	    "path" : "/info"
	  },
	  "times" : {
	    "unlimited" : true
	  },
	  "timeToLive" : {
	    "unlimited" : true
	  },
	  "httpResponse" : {
	    "statusCode" : 200,
	    "headers" : [ {
	      "name" : "Content-Type",
	      "values" : [ "application/json" ]
	    } ],
	    "body" : "{\"pivotalTrackerStoryID\": \"#55555\", \"storySHA\": \"88\"}"
	  }
	}


2017-04-26 05:09:07,045 INFO o.m.m.MockServerHandler creating expectation:

	{
	  "httpRequest" : {
	    "method" : "GET",
	    "path" : "/prod/info"
	  },
	  "times" : {
	    "unlimited" : true
	  },
	  "timeToLive" : {
	    "unlimited" : true
	  },
	  "httpResponse" : {
	    "statusCode" : 200,
	    "headers" : [ {
	      "name" : "Content-Type",
	      "values" : [ "application/json" ]
	    } ],
	    "body" : "{\"pivotalTrackerStoryID\": \"#42\", \"storySHA\": \"21\"}"
	  }
	}


2017-04-26 05:09:07,057 INFO o.m.m.MockServerHandler creating expectation:

	{
	  "httpRequest" : {
	    "method" : "GET",
	    "path" : "/job/TestProject%20CI/lastCompletedBuild/api/json"
	  },
	  "times" : {
	    "unlimited" : true
	  },
	  "timeToLive" : {
	    "unlimited" : true
	  },
	  "httpResponse" : {
	    "statusCode" : 200,
	    "headers" : [ {
	      "name" : "Content-Type",
	      "values" : [ "application/json" ]
	    } ],
	    "body" : "{\"result\": \"NOT_A_SUCCESS\"}"
	  }
	}


2017-04-26 05:09:07,070 INFO o.m.m.MockServerHandler creating expectation:

	{
	  "httpRequest" : {
	    "method" : "GET",
	    "path" : "/job/TestProject%20to%20SA/lastCompletedBuild/api/json"
	  },
	  "times" : {
	    "unlimited" : true
	  },
	  "timeToLive" : {
	    "unlimited" : true
	  },
	  "httpResponse" : {
	    "statusCode" : 200,
	    "headers" : [ {
	      "name" : "Content-Type",
	      "values" : [ "application/json" ]
	    } ],
	    "body" : "{\"result\": \"NOT_A_SUCCESS\"}"
	  }
	}


2017-04-26 05:09:07,084 INFO o.m.m.MockServerHandler creating expectation:

	{
	  "httpRequest" : {
	    "method" : "GET",
	    "path" : "/job/TestProject%20to%20Production/lastCompletedBuild/api/json"
	  },
	  "times" : {
	    "unlimited" : true
	  },
	  "timeToLive" : {
	    "unlimited" : true
	  },
	  "httpResponse" : {
	    "statusCode" : 200,
	    "headers" : [ {
	      "name" : "Content-Type",
	      "values" : [ "application/json" ]
	    } ],
	    "body" : "{\"result\": \"BANANAS\"}"
	  }
	}


2017-04-26 05:09:07,093 INFO o.m.m.MockServerHandler clearing expectations and request logs that match:

	{
	  "method" : "GET",
	  "path" : "/info"
	}


2017-04-26 05:09:07,111 INFO o.m.m.MockServerHandler returning response:

	{
	  "statusCode" : 200,
	  "headers" : [ {
	    "name" : "Content-Type",
	    "values" : [ "application/json" ]
	  } ],
	  "body" : "{\"result\": \"NOT_A_SUCCESS\"}"
	}

 for request:

	{
	  "method" : "GET",
	  "path" : "/job/TestProject%20CI/lastCompletedBuild/api/json",
	  "headers" : [ {
	    "name" : "Accept",
	    "values" : [ "application/json, application/*+json" ]
	  }, {
	    "name" : "User-Agent",
	    "values" : [ "Java/1.8.0_102" ]
	  }, {
	    "name" : "Host",
	    "values" : [ "localhost:1080" ]
	  }, {
	    "name" : "Content-Length",
	    "values" : [ "0" ]
	  } ],
	  "keepAlive" : true,
	  "secure" : false
	}


2017-04-26 05:09:07,114 INFO o.m.m.MockServerHandler returning response:

	{
	  "statusCode" : 200,
	  "headers" : [ {
	    "name" : "Content-Type",
	    "values" : [ "application/json" ]
	  } ],
	  "body" : "{\"result\": \"NOT_A_SUCCESS\"}"
	}

 for request:

	{
	  "method" : "GET",
	  "path" : "/job/TestProject%20to%20SA/lastCompletedBuild/api/json",
	  "headers" : [ {
	    "name" : "Accept",
	    "values" : [ "application/json, application/*+json" ]
	  }, {
	    "name" : "User-Agent",
	    "values" : [ "Java/1.8.0_102" ]
	  }, {
	    "name" : "Host",
	    "values" : [ "localhost:1080" ]
	  }, {
	    "name" : "Content-Length",
	    "values" : [ "0" ]
	  } ],
	  "keepAlive" : true,
	  "secure" : false
	}


2017-04-26 05:09:07,120 INFO o.m.m.MockServerHandler returning response:

	{
	  "statusCode" : 200,
	  "headers" : [ {
	    "name" : "Content-Type",
	    "values" : [ "application/json" ]
	  } ],
	  "body" : "{\"result\": \"BANANAS\"}"
	}

 for request:

	{
	  "method" : "GET",
	  "path" : "/job/TestProject%20to%20Production/lastCompletedBuild/api/json",
	  "headers" : [ {
	    "name" : "Accept",
	    "values" : [ "application/json, application/*+json" ]
	  }, {
	    "name" : "User-Agent",
	    "values" : [ "Java/1.8.0_102" ]
	  }, {
	    "name" : "Host",
	    "values" : [ "localhost:1080" ]
	  }, {
	    "name" : "Content-Length",
	    "values" : [ "0" ]
	  } ],
	  "keepAlive" : true,
	  "secure" : false
	}


2017-04-26 05:09:07,125 INFO o.m.m.MockServerHandler returning response:

	{
	  "statusCode" : 404
	}

 for request:

	{
	  "method" : "GET",
	  "path" : "/info",
	  "headers" : [ {
	    "name" : "Accept",
	    "values" : [ "application/json, application/*+json" ]
	  }, {
	    "name" : "User-Agent",
	    "values" : [ "Java/1.8.0_102" ]
	  }, {
	    "name" : "Host",
	    "values" : [ "localhost:1080" ]
	  }, {
	    "name" : "Content-Length",
	    "values" : [ "0" ]
	  } ],
	  "keepAlive" : true,
	  "secure" : false
	}


2017-04-26 05:09:07,128 INFO o.m.m.MockServerHandler returning response:

	{
	  "statusCode" : 200,
	  "headers" : [ {
	    "name" : "Content-Type",
	    "values" : [ "application/json" ]
	  } ],
	  "body" : "{\"pivotalTrackerStoryID\": \"#42\", \"storySHA\": \"21\"}"
	}

 for request:

	{
	  "method" : "GET",
	  "path" : "/prod/info",
	  "headers" : [ {
	    "name" : "Accept",
	    "values" : [ "application/json, application/*+json" ]
	  }, {
	    "name" : "User-Agent",
	    "values" : [ "Java/1.8.0_102" ]
	  }, {
	    "name" : "Host",
	    "values" : [ "localhost:1080" ]
	  }, {
	    "name" : "Content-Length",
	    "values" : [ "0" ]
	  } ],
	  "keepAlive" : true,
	  "secure" : false
	}


Tests run: 8, Failures: 0, Errors: 0, Skipped: 0, Time elapsed: 10.633 sec - in com.projectmonitor.CiRunControllerTest

Results :

Failed tests: 
  PCFStoryAcceptanceDeployerTest.push_triggersTheJenkinsSADeployJob_withTheNextBuildThatHasPassedCI:35 null

Tests run: 15, Failures: 1, Errors: 0, Skipped: 0

[ERROR] There are test failures.

Please refer to /opt/jenkins/workspace/testMaster/target/surefire-reports for the individual test results.
[INFO] ------------------------------------------------------------------------
[INFO] BUILD SUCCESS
[INFO] ------------------------------------------------------------------------
[INFO] Total time: 23.320 s
[INFO] Finished at: 2017-04-26T05:09:07+00:00
[INFO] Final Memory: 39M/269M
[INFO] ------------------------------------------------------------------------
[8mha:AAAAaB+LCAAAAAAAAP9b85aBtbiIwTG/KF0vKzUvOzOvODlTryCnNB3I0ivPL8pOy8kv18vKT9JLzs8rzs9J1QuHCgaV5jlDhPzyS1IZIICRiYGhoohBKqM0pTg/D64Hh8ICAFt0h+h/AAAA[0m[Pipeline] }
[8mha:AAAAaB+LCAAAAAAAAP9b85aBtbiIwTG/KF0vKzUvOzOvODlTryCnNB3I0ivPL8pOy8kv18vKT9JLzs8rzs9J1QuHCgaV5jlDhPzyS1IZIICRiYGhoohBKqM0pTg/D64Hh8ICAFt0h+h/AAAA[0m[Pipeline] // stage
[8mha:AAAAaB+LCAAAAAAAAP9b85aBtbiIwTG/KF0vKzUvOzOvODlTryCnNB3I0ivPL8pOy8kv18vKT9JLzs8rzs9J1QuHCgaV5jlDhPzyS1IZIICRiYGhoohBKqM0pTg/D64Hh8ICAFt0h+h/AAAA[0m[Pipeline] stage
[8mha:AAAAaB+LCAAAAAAAAP9b85aBtbiIwTG/KF0vKzUvOzOvODlTryCnNB3I0ivPL8pOy8kv18vKT9JLzs8rzs9J1QuHCgaV5jlDhPzyS1IZIICRiYGhoohBKqM0pTg/D64Hh8ICAFt0h+h/AAAA[0m[Pipeline] { (Results)
[8mha:AAAAaB+LCAAAAAAAAP9b85aBtbiIwTG/KF0vKzUvOzOvODlTryCnNB3I0ivPL8pOy8kv18vKT9JLzs8rzs9J1QuHCgaV5jlDhPzyS1IZIICRiYGhoohBKqM0pTg/D64Hh8ICAFt0h+h/AAAA[0m[Pipeline] step
Recording test results
[8mha:AAAAaB+LCAAAAAAAAP9b85aBtbiIwTG/KF0vKzUvOzOvODlTryCnNB3I0ivPL8pOy8kv18vKT9JLzs8rzs9J1QuHCgaV5jlDhPzyS1IZIICRiYGhoohBKqM0pTg/D64Hh8ICAFt0h+h/AAAA[0m[Pipeline] }
[8mha:AAAAaB+LCAAAAAAAAP9b85aBtbiIwTG/KF0vKzUvOzOvODlTryCnNB3I0ivPL8pOy8kv18vKT9JLzs8rzs9J1QuHCgaV5jlDhPzyS1IZIICRiYGhoohBKqM0pTg/D64Hh8ICAFt0h+h/AAAA[0m[Pipeline] // stage
[8mha:AAAAaB+LCAAAAAAAAP9b85aBtbiIwTG/KF0vKzUvOzOvODlTryCnNB3I0ivPL8pOy8kv18vKT9JLzs8rzs9J1QuHCgaV5jlDhPzyS1IZIICRiYGhoohBKqM0pTg/D64Hh8ICAFt0h+h/AAAA[0m[Pipeline] }
[8mha:AAAAaB+LCAAAAAAAAP9b85aBtbiIwTG/KF0vKzUvOzOvODlTryCnNB3I0ivPL8pOy8kv18vKT9JLzs8rzs9J1QuHCgaV5jlDhPzyS1IZIICRiYGhoohBKqM0pTg/D64Hh8ICAFt0h+h/AAAA[0m[Pipeline] // node
[8mha:AAAAaB+LCAAAAAAAAP9b85aBtbiIwTG/KF0vKzUvOzOvODlTryCnNB3I0ivPL8pOy8kv18vKT9JLzs8rzs9J1QuHCgaV5jlDhPzyS1IZIICRiYGhoohBKqM0pTg/D64Hh8ICAFt0h+h/AAAA[0m[Pipeline] End of Pipeline
Finished: UNSTABLE
